Fitting 5 folds for each of 27 candidates, totalling 135 fits
Best Parameters: {'learning_rate': 0.05, 'max_depth': 7, 'n_estimators': 100}
Best Negative MAE: -89732.78618507934
Cross-Validation Results (Negative MAE): [-103278.20002383  -86299.04350579  -80164.59582251  -83366.19260399
  -95555.89896926]
Mean Cross-Validation MAE: 89732.78618507934
R-squared scores for each fold: [-1.38315444 -0.90646153 -1.55375598  0.91289361 -0.51819587]
Mean R-squared score: -0.6897348420393932
Time taken: 371.8571639060974 seconds
[CV] END ...learning_rate=0.1, max_depth=3, n_estimators=100; total time=   2.1s
[CV] END ...learning_rate=0.1, max_depth=3, n_estimators=100; total time=   2.0s
[CV] END ...learning_rate=0.1, max_depth=3, n_estimators=200; total time=   3.2s
[CV] END ...learning_rate=0.1, max_depth=3, n_estimators=200; total time=   3.2s
[CV] END ...learning_rate=0.1, max_depth=3, n_estimators=200; total time=   3.5s
[CV] END ...learning_rate=0.1, max_depth=3, n_estimators=300; total time=   4.5s
[CV] END ...learning_rate=0.1, max_depth=3, n_estimators=300; total time=   4.9s
[CV] END ...learning_rate=0.1, max_depth=5, n_estimators=100; total time=   2.8s
[CV] END ...learning_rate=0.1, max_depth=5, n_estimators=100; total time=   2.5s
[CV] END ...learning_rate=0.1, max_depth=5, n_estimators=100; total time=   2.6s
[CV] END ...learning_rate=0.1, max_depth=5, n_estimators=200; total time=   4.6s
[CV] END ...learning_rate=0.1, max_depth=5, n_estimators=200; total time=   4.5s
[CV] END ...learning_rate=0.1, max_depth=5, n_estimators=300; total time=   6.4s
[CV] END ...learning_rate=0.1, max_depth=5, n_estimators=300; total time=   6.4s
[CV] END ...learning_rate=0.1, max_depth=5, n_estimators=300; total time=   6.3s
[CV] END ...learning_rate=0.1, max_depth=7, n_estimators=100; total time=   3.3s
[CV] END ...learning_rate=0.1, max_depth=7, n_estimators=100; total time=   3.4s
[CV] END ...learning_rate=0.1, max_depth=7, n_estimators=200; total time=   6.2s
[CV] END ...learning_rate=0.1, max_depth=7, n_estimators=200; total time=   5.9s
[CV] END ...learning_rate=0.1, max_depth=7, n_estimators=200; total time=   6.3s
[CV] END ...learning_rate=0.1, max_depth=7, n_estimators=300; total time=   8.7s
[CV] END ...learning_rate=0.1, max_depth=7, n_estimators=300; total time=   8.8s
[CV] END ..learning_rate=0.05, max_depth=3, n_estimators=100; total time=   2.0s
[CV] END ..learning_rate=0.05, max_depth=3, n_estimators=100; total time=   1.9s
[CV] END ..learning_rate=0.05, max_depth=3, n_estimators=100; total time=   1.7s
[CV] END ..learning_rate=0.05, max_depth=3, n_estimators=100; total time=   2.0s
[CV] END ..learning_rate=0.05, max_depth=3, n_estimators=200; total time=   3.1s
[CV] END ..learning_rate=0.05, max_depth=3, n_estimators=200; total time=   3.4s
[CV] END ..learning_rate=0.05, max_depth=3, n_estimators=300; total time=   4.6s
[CV] END ..learning_rate=0.05, max_depth=3, n_estimators=300; total time=   4.7s
[CV] END ..learning_rate=0.05, max_depth=3, n_estimators=300; total time=   4.6s
[CV] END ..learning_rate=0.05, max_depth=5, n_estimators=100; total time=   2.7s
[CV] END ..learning_rate=0.05, max_depth=5, n_estimators=100; total time=   2.9s
[CV] END ..learning_rate=0.05, max_depth=5, n_estimators=200; total time=   4.6s
[CV] END ..learning_rate=0.05, max_depth=5, n_estimators=200; total time=   4.4s
[CV] END ..learning_rate=0.05, max_depth=5, n_estimators=200; total time=   4.6s
[CV] END ..learning_rate=0.05, max_depth=5, n_estimators=300; total time=   6.5s
[CV] END ..learning_rate=0.05, max_depth=5, n_estimators=300; total time=   6.5s
[CV] END ..learning_rate=0.05, max_depth=7, n_estimators=100; total time=   4.0s
[CV] END ..learning_rate=0.05, max_depth=7, n_estimators=100; total time=   3.7s
[CV] END ..learning_rate=0.05, max_depth=7, n_estimators=100; total time=   3.8s
[CV] END ..learning_rate=0.05, max_depth=7, n_estimators=200; total time=   6.5s
[CV] END ..learning_rate=0.05, max_depth=7, n_estimators=200; total time=   6.3s
[CV] END ..learning_rate=0.05, max_depth=7, n_estimators=300; total time=   9.4s
[CV] END ..learning_rate=0.05, max_depth=7, n_estimators=300; total time=   8.8s
[CV] END ..learning_rate=0.05, max_depth=7, n_estimators=300; total time=   9.1s
[CV] END ..learning_rate=0.01, max_depth=3, n_estimators=100; total time=   1.8s
[CV] END ..learning_rate=0.01, max_depth=3, n_estimators=200; total time=   3.7s
[CV] END ..learning_rate=0.01, max_depth=3, n_estimators=200; total time=   3.5s
[CV] END ..learning_rate=0.01, max_depth=3, n_estimators=200; total time=   3.3s
[CV] END ..learning_rate=0.01, max_depth=3, n_estimators=300; total time=   4.7s
[CV] END ..learning_rate=0.01, max_depth=3, n_estimators=300; total time=   4.5s
[CV] END ..learning_rate=0.01, max_depth=5, n_estimators=100; total time=   3.4s
[CV] END ..learning_rate=0.01, max_depth=5, n_estimators=100; total time=   3.3s
[CV] END ..learning_rate=0.01, max_depth=5, n_estimators=100; total time=   3.0s
[CV] END ..learning_rate=0.01, max_depth=5, n_estimators=200; total time=   5.6s
[CV] END ..learning_rate=0.01, max_depth=5, n_estimators=200; total time=   5.6s
[CV] END ..learning_rate=0.01, max_depth=5, n_estimators=300; total time=   8.3s
[CV] END ..learning_rate=0.01, max_depth=5, n_estimators=300; total time=   7.6s
[CV] END ..learning_rate=0.01, max_depth=5, n_estimators=300; total time=   7.8s
[CV] END ..learning_rate=0.01, max_depth=7, n_estimators=100; total time=   4.6s
[CV] END ..learning_rate=0.01, max_depth=7, n_estimators=100; total time=   4.5s
[CV] END ..learning_rate=0.01, max_depth=7, n_estimators=200; total time=   9.6s
[CV] END ..learning_rate=0.01, max_depth=7, n_estimators=200; total time=   8.2s
[CV] END ..learning_rate=0.01, max_depth=7, n_estimators=200; total time=   8.3s
[CV] END ..learning_rate=0.01, max_depth=7, n_estimators=300; total time=  11.5s
[CV] END ..learning_rate=0.01, max_depth=7, n_estimators=300; total time=  11.5s
[CV] END ...learning_rate=0.1, max_depth=3, n_estimators=100; total time=   2.1s
[CV] END ...learning_rate=0.1, max_depth=3, n_estimators=100; total time=   2.0s
[CV] END ...learning_rate=0.1, max_depth=3, n_estimators=100; total time=   1.8s
[CV] END ...learning_rate=0.1, max_depth=3, n_estimators=200; total time=   3.3s
[CV] END ...learning_rate=0.1, max_depth=3, n_estimators=200; total time=   3.4s
[CV] END ...learning_rate=0.1, max_depth=3, n_estimators=300; total time=   4.5s
[CV] END ...learning_rate=0.1, max_depth=3, n_estimators=300; total time=   4.6s
[CV] END ...learning_rate=0.1, max_depth=3, n_estimators=300; total time=   4.5s
[CV] END ...learning_rate=0.1, max_depth=5, n_estimators=100; total time=   2.5s
[CV] END ...learning_rate=0.1, max_depth=5, n_estimators=100; total time=   2.6s
[CV] END ...learning_rate=0.1, max_depth=5, n_estimators=200; total time=   4.5s
[CV] END ...learning_rate=0.1, max_depth=5, n_estimators=200; total time=   4.4s
[CV] END ...learning_rate=0.1, max_depth=5, n_estimators=200; total time=   4.9s
[CV] END ...learning_rate=0.1, max_depth=5, n_estimators=300; total time=   6.3s
[CV] END ...learning_rate=0.1, max_depth=5, n_estimators=300; total time=   6.7s
[CV] END ...learning_rate=0.1, max_depth=7, n_estimators=100; total time=   3.4s
[CV] END ...learning_rate=0.1, max_depth=7, n_estimators=100; total time=   3.6s
[CV] END ...learning_rate=0.1, max_depth=7, n_estimators=100; total time=   3.4s
[CV] END ...learning_rate=0.1, max_depth=7, n_estimators=200; total time=   6.0s
[CV] END ...learning_rate=0.1, max_depth=7, n_estimators=200; total time=   6.1s
[CV] END ...learning_rate=0.1, max_depth=7, n_estimators=300; total time=   9.0s
[CV] END ...learning_rate=0.1, max_depth=7, n_estimators=300; total time=   8.5s
[CV] END ...learning_rate=0.1, max_depth=7, n_estimators=300; total time=   8.8s
[CV] END ..learning_rate=0.05, max_depth=3, n_estimators=100; total time=   1.9s
[CV] END ..learning_rate=0.05, max_depth=3, n_estimators=200; total time=   3.3s
[CV] END ..learning_rate=0.05, max_depth=3, n_estimators=200; total time=   3.4s
[CV] END ..learning_rate=0.05, max_depth=3, n_estimators=200; total time=   3.1s
[CV] END ..learning_rate=0.05, max_depth=3, n_estimators=300; total time=   4.6s
[CV] END ..learning_rate=0.05, max_depth=3, n_estimators=300; total time=   4.8s
[CV] END ..learning_rate=0.05, max_depth=5, n_estimators=100; total time=   2.8s
[CV] END ..learning_rate=0.05, max_depth=5, n_estimators=100; total time=   2.6s
[CV] END ..learning_rate=0.05, max_depth=5, n_estimators=100; total time=   3.0s
[CV] END ..learning_rate=0.05, max_depth=5, n_estimators=200; total time=   4.4s
[CV] END ..learning_rate=0.05, max_depth=5, n_estimators=200; total time=   4.7s
[CV] END ..learning_rate=0.05, max_depth=5, n_estimators=300; total time=   6.6s
[CV] END ..learning_rate=0.05, max_depth=5, n_estimators=300; total time=   6.4s
[CV] END ..learning_rate=0.05, max_depth=5, n_estimators=300; total time=   6.5s
[CV] END ..learning_rate=0.05, max_depth=7, n_estimators=100; total time=   3.9s
[CV] END ..learning_rate=0.05, max_depth=7, n_estimators=100; total time=   3.8s
[CV] END ..learning_rate=0.05, max_depth=7, n_estimators=200; total time=   6.6s
[CV] END ..learning_rate=0.05, max_depth=7, n_estimators=200; total time=   6.2s
[CV] END ..learning_rate=0.05, max_depth=7, n_estimators=200; total time=   6.7s
[CV] END ..learning_rate=0.05, max_depth=7, n_estimators=300; total time=   8.8s
[CV] END ..learning_rate=0.05, max_depth=7, n_estimators=300; total time=   9.1s
[CV] END ..learning_rate=0.01, max_depth=3, n_estimators=100; total time=   2.0s
[CV] END ..learning_rate=0.01, max_depth=3, n_estimators=100; total time=   1.9s
[CV] END ..learning_rate=0.01, max_depth=3, n_estimators=100; total time=   1.8s
[CV] END ..learning_rate=0.01, max_depth=3, n_estimators=100; total time=   1.8s
[CV] END ..learning_rate=0.01, max_depth=3, n_estimators=200; total time=   3.4s
[CV] END ..learning_rate=0.01, max_depth=3, n_estimators=200; total time=   3.2s
[CV] END ..learning_rate=0.01, max_depth=3, n_estimators=300; total time=   4.8s
[CV] END ..learning_rate=0.01, max_depth=3, n_estimators=300; total time=   4.7s
[CV] END ..learning_rate=0.01, max_depth=3, n_estimators=300; total time=   4.5s
[CV] END ..learning_rate=0.01, max_depth=5, n_estimators=100; total time=   3.2s
[CV] END ..learning_rate=0.01, max_depth=5, n_estimators=100; total time=   3.2s
[CV] END ..learning_rate=0.01, max_depth=5, n_estimators=200; total time=   6.1s
[CV] END ..learning_rate=0.01, max_depth=5, n_estimators=200; total time=   5.6s
[CV] END ..learning_rate=0.01, max_depth=5, n_estimators=200; total time=   5.8s
[CV] END ..learning_rate=0.01, max_depth=5, n_estimators=300; total time=   7.9s
[CV] END ..learning_rate=0.01, max_depth=5, n_estimators=300; total time=   7.7s
[CV] END ..learning_rate=0.01, max_depth=7, n_estimators=100; total time=   5.0s
[CV] END ..learning_rate=0.01, max_depth=7, n_estimators=100; total time=   4.5s
[CV] END ..learning_rate=0.01, max_depth=7, n_estimators=100; total time=   4.8s
[CV] END ..learning_rate=0.01, max_depth=7, n_estimators=200; total time=   8.2s
[CV] END ..learning_rate=0.01, max_depth=7, n_estimators=200; total time=   8.4s
[CV] END ..learning_rate=0.01, max_depth=7, n_estimators=300; total time=  11.8s
[CV] END ..learning_rate=0.01, max_depth=7, n_estimators=300; total time=  11.6s
[CV] END ..learning_rate=0.01, max_depth=7, n_estimators=300; total time=   9.5s
