Fitting 5 folds for each of 64 candidates, totalling 320 fits
[CV] END .learning_rate=0.05, max_depth=11, n_estimators=120; total time=   9.1s
[CV] END .learning_rate=0.05, max_depth=11, n_estimators=120; total time=  14.7s
[CV] END .learning_rate=0.05, max_depth=11, n_estimators=130; total time=   9.1s
[CV] END .learning_rate=0.05, max_depth=11, n_estimators=130; total time=   8.9s
[CV] END .learning_rate=0.05, max_depth=11, n_estimators=130; total time=   8.7s
[CV] END .learning_rate=0.05, max_depth=11, n_estimators=140; total time=   9.4s
[CV] END .learning_rate=0.05, max_depth=11, n_estimators=140; total time=   9.0s
[CV] END .learning_rate=0.05, max_depth=11, n_estimators=110; total time=   8.5s
[CV] END .learning_rate=0.05, max_depth=11, n_estimators=110; total time=   7.9s
[CV] END .learning_rate=0.05, max_depth=11, n_estimators=110; total time=   7.7s
[CV] END .learning_rate=0.05, max_depth=15, n_estimators=120; total time=  21.3s
[CV] END .learning_rate=0.05, max_depth=15, n_estimators=120; total time=  18.6s
[CV] END .learning_rate=0.05, max_depth=11, n_estimators=120; total time=   8.6s
[CV] END .learning_rate=0.05, max_depth=11, n_estimators=120; total time=  15.0s
[CV] END .learning_rate=0.05, max_depth=11, n_estimators=120; total time=   8.3s
[CV] END .learning_rate=0.05, max_depth=11, n_estimators=130; total time=   8.9s
[CV] END .learning_rate=0.05, max_depth=11, n_estimators=130; total time=   8.7s
[CV] END .learning_rate=0.05, max_depth=11, n_estimators=140; total time=   9.4s
[CV] END .learning_rate=0.05, max_depth=11, n_estimators=140; total time=   9.6s
[CV] END .learning_rate=0.05, max_depth=11, n_estimators=140; total time=   9.0s
[CV] END .learning_rate=0.05, max_depth=11, n_estimators=110; total time=   7.8s
[CV] END .learning_rate=0.05, max_depth=11, n_estimators=110; total time=   7.7s
[CV] END .learning_rate=0.05, max_depth=15, n_estimators=120; total time=  20.6s
[CV] END .learning_rate=0.05, max_depth=15, n_estimators=120; total time=  19.4s
[CV] END .learning_rate=0.05, max_depth=15, n_estimators=130; total time=  21.7s
[CV] END .learning_rate=0.05, max_depth=15, n_estimators=130; total time=  20.6s
[CV] END .learning_rate=0.05, max_depth=15, n_estimators=130; total time=  19.2s
[CV] END .learning_rate=0.05, max_depth=15, n_estimators=140; total time=  21.8s
[CV] END .learning_rate=0.05, max_depth=15, n_estimators=140; total time=  20.3s
[CV] END .learning_rate=0.05, max_depth=15, n_estimators=140; total time=  20.4s
[CV] END .learning_rate=0.05, max_depth=15, n_estimators=110; total time=  17.7s
[CV] END .learning_rate=0.05, max_depth=15, n_estimators=110; total time=  17.6s
[CV] END .learning_rate=0.05, max_depth=13, n_estimators=120; total time=  12.1s
[CV] END .learning_rate=0.05, max_depth=13, n_estimators=120; total time=  11.9s
[CV] END .learning_rate=0.05, max_depth=13, n_estimators=130; total time=  13.6s
[CV] END .learning_rate=0.05, max_depth=13, n_estimators=130; total time=  12.8s
[CV] END .learning_rate=0.05, max_depth=13, n_estimators=130; total time=  12.2s
[CV] END .learning_rate=0.05, max_depth=13, n_estimators=140; total time=  13.3s
[CV] END .learning_rate=0.05, max_depth=13, n_estimators=140; total time=  12.6s
[CV] END .learning_rate=0.05, max_depth=13, n_estimators=140; total time=  12.6s
[CV] END .learning_rate=0.05, max_depth=13, n_estimators=110; total time=  11.7s
[CV] END .learning_rate=0.05, max_depth=13, n_estimators=110; total time=  10.9s
[CV] END .learning_rate=0.05, max_depth=14, n_estimators=120; total time=  15.4s
[CV] END .learning_rate=0.05, max_depth=15, n_estimators=120; total time=  19.0s
[CV] END .learning_rate=0.05, max_depth=15, n_estimators=130; total time=  20.9s
[CV] END .learning_rate=0.05, max_depth=15, n_estimators=130; total time=  19.5s
[CV] END .learning_rate=0.05, max_depth=15, n_estimators=140; total time=  22.6s
[CV] END .learning_rate=0.05, max_depth=15, n_estimators=140; total time=  21.6s
[CV] END .learning_rate=0.05, max_depth=15, n_estimators=110; total time=  18.9s
[CV] END .learning_rate=0.05, max_depth=15, n_estimators=110; total time=  18.3s
[CV] END .learning_rate=0.05, max_depth=15, n_estimators=110; total time=  17.5s
[CV] END .learning_rate=0.05, max_depth=13, n_estimators=120; total time=  12.4s
[CV] END .learning_rate=0.05, max_depth=13, n_estimators=120; total time=  12.2s
[CV] END .learning_rate=0.05, max_depth=13, n_estimators=120; total time=  12.2s
[CV] END .learning_rate=0.05, max_depth=13, n_estimators=130; total time=  12.9s
[CV] END .learning_rate=0.05, max_depth=13, n_estimators=130; total time=  12.2s
[CV] END .learning_rate=0.05, max_depth=13, n_estimators=140; total time=  14.1s
[CV] END .learning_rate=0.05, max_depth=13, n_estimators=140; total time=  13.7s
[CV] END .learning_rate=0.05, max_depth=13, n_estimators=110; total time=  11.9s
[CV] END .learning_rate=0.05, max_depth=13, n_estimators=110; total time=  11.5s
[CV] END .learning_rate=0.05, max_depth=13, n_estimators=110; total time=  11.0s
[CV] END .learning_rate=0.05, max_depth=14, n_estimators=120; total time=  15.9s
[CV] END .learning_rate=0.05, max_depth=14, n_estimators=120; total time=  15.0s
[CV] END .learning_rate=0.05, max_depth=14, n_estimators=120; total time=  14.1s
[CV] END .learning_rate=0.05, max_depth=14, n_estimators=130; total time=  16.9s
[CV] END .learning_rate=0.05, max_depth=14, n_estimators=130; total time=  16.0s
[CV] END .learning_rate=0.05, max_depth=14, n_estimators=130; total time=  15.4s
[CV] END .learning_rate=0.05, max_depth=14, n_estimators=140; total time=  17.0s
[CV] END .learning_rate=0.05, max_depth=14, n_estimators=140; total time=  16.0s
[CV] END .learning_rate=0.05, max_depth=14, n_estimators=110; total time=  14.6s
[CV] END .learning_rate=0.05, max_depth=14, n_estimators=110; total time=  14.0s
[CV] END .learning_rate=0.05, max_depth=14, n_estimators=110; total time=  13.3s
[CV] END .learning_rate=0.06, max_depth=11, n_estimators=120; total time=   8.2s
[CV] END .learning_rate=0.06, max_depth=11, n_estimators=120; total time=   7.9s
[CV] END .learning_rate=0.06, max_depth=11, n_estimators=120; total time=   8.0s
[CV] END .learning_rate=0.06, max_depth=11, n_estimators=130; total time=   8.2s
[CV] END .learning_rate=0.06, max_depth=11, n_estimators=130; total time=   8.3s
[CV] END .learning_rate=0.06, max_depth=11, n_estimators=140; total time=   9.0s
[CV] END .learning_rate=0.06, max_depth=11, n_estimators=140; total time=   9.0s
[CV] END .learning_rate=0.06, max_depth=11, n_estimators=110; total time=   8.0s
[CV] END .learning_rate=0.06, max_depth=11, n_estimators=110; total time=   7.2s
[CV] END .learning_rate=0.06, max_depth=11, n_estimators=110; total time=   7.3s
[CV] END .learning_rate=0.06, max_depth=15, n_estimators=120; total time=  19.4s
[CV] END .learning_rate=0.05, max_depth=14, n_estimators=120; total time=  15.1s
[CV] END .learning_rate=0.05, max_depth=14, n_estimators=130; total time=  16.2s
[CV] END .learning_rate=0.05, max_depth=14, n_estimators=130; total time=  15.3s
[CV] END .learning_rate=0.05, max_depth=14, n_estimators=140; total time=  17.3s
[CV] END .learning_rate=0.05, max_depth=14, n_estimators=140; total time=  16.8s
[CV] END .learning_rate=0.05, max_depth=14, n_estimators=140; total time=  15.9s
[CV] END .learning_rate=0.05, max_depth=14, n_estimators=110; total time=  13.9s
[CV] END .learning_rate=0.05, max_depth=14, n_estimators=110; total time=  13.6s
[CV] END .learning_rate=0.06, max_depth=11, n_estimators=120; total time=   8.1s
[CV] END .learning_rate=0.06, max_depth=11, n_estimators=120; total time=   7.6s
[CV] END .learning_rate=0.06, max_depth=11, n_estimators=130; total time=   8.5s
[CV] END .learning_rate=0.06, max_depth=11, n_estimators=130; total time=   8.1s
[CV] END .learning_rate=0.06, max_depth=11, n_estimators=130; total time=   8.1s
[CV] END .learning_rate=0.06, max_depth=11, n_estimators=140; total time=   8.7s
[CV] END .learning_rate=0.06, max_depth=11, n_estimators=140; total time=   8.6s
[CV] END .learning_rate=0.06, max_depth=11, n_estimators=140; total time=   8.6s
[CV] END .learning_rate=0.06, max_depth=11, n_estimators=110; total time=   7.6s
[CV] END .learning_rate=0.06, max_depth=11, n_estimators=110; total time=   7.2s
[CV] END .learning_rate=0.06, max_depth=15, n_estimators=120; total time=  19.3s
[CV] END .learning_rate=0.06, max_depth=15, n_estimators=120; total time=  17.6s
[CV] END .learning_rate=0.06, max_depth=15, n_estimators=120; total time=  17.9s
[CV] END .learning_rate=0.06, max_depth=15, n_estimators=130; total time=  20.7s
[CV] END .learning_rate=0.06, max_depth=15, n_estimators=130; total time=  19.5s
[CV] END .learning_rate=0.06, max_depth=15, n_estimators=130; total time=  18.0s
[CV] END .learning_rate=0.06, max_depth=15, n_estimators=140; total time=  21.1s
[CV] END .learning_rate=0.06, max_depth=15, n_estimators=140; total time=  18.8s
[CV] END .learning_rate=0.06, max_depth=15, n_estimators=110; total time=  18.0s
[CV] END .learning_rate=0.06, max_depth=15, n_estimators=110; total time=  17.4s
[CV] END .learning_rate=0.06, max_depth=15, n_estimators=110; total time=  16.0s
[CV] END .learning_rate=0.06, max_depth=13, n_estimators=120; total time=  11.7s
[CV] END .learning_rate=0.06, max_depth=13, n_estimators=120; total time=  11.3s
[CV] END .learning_rate=0.06, max_depth=13, n_estimators=120; total time=  11.2s
[CV] END .learning_rate=0.06, max_depth=13, n_estimators=130; total time=  12.1s
[CV] END .learning_rate=0.06, max_depth=13, n_estimators=130; total time=  11.2s
[CV] END .learning_rate=0.06, max_depth=13, n_estimators=140; total time=  13.3s
[CV] END .learning_rate=0.06, max_depth=13, n_estimators=140; total time=  12.8s
[CV] END .learning_rate=0.06, max_depth=13, n_estimators=140; total time=  12.2s
[CV] END .learning_rate=0.06, max_depth=13, n_estimators=110; total time=  10.8s
[CV] END .learning_rate=0.06, max_depth=13, n_estimators=110; total time=  10.4s
[CV] END .learning_rate=0.06, max_depth=14, n_estimators=120; total time=  14.8s
[CV] END .learning_rate=0.06, max_depth=14, n_estimators=120; total time=  13.6s
[CV] END .learning_rate=0.06, max_depth=14, n_estimators=120; total time=  14.1s
[CV] END .learning_rate=0.06, max_depth=15, n_estimators=120; total time=  17.7s
[CV] END .learning_rate=0.06, max_depth=15, n_estimators=130; total time=  21.0s
[CV] END .learning_rate=0.06, max_depth=15, n_estimators=130; total time=  18.2s
[CV] END .learning_rate=0.06, max_depth=15, n_estimators=140; total time=  21.1s
[CV] END .learning_rate=0.06, max_depth=15, n_estimators=140; total time=  20.1s
[CV] END .learning_rate=0.06, max_depth=15, n_estimators=140; total time=  19.0s
[CV] END .learning_rate=0.06, max_depth=15, n_estimators=110; total time=  17.3s
[CV] END .learning_rate=0.06, max_depth=15, n_estimators=110; total time=  16.2s
[CV] END .learning_rate=0.06, max_depth=13, n_estimators=120; total time=  11.3s
[CV] END .learning_rate=0.06, max_depth=13, n_estimators=120; total time=  11.0s
[CV] END .learning_rate=0.06, max_depth=13, n_estimators=130; total time=  12.9s
[CV] END .learning_rate=0.06, max_depth=13, n_estimators=130; total time=  12.1s
[CV] END .learning_rate=0.06, max_depth=13, n_estimators=130; total time=  11.5s
[CV] END .learning_rate=0.06, max_depth=13, n_estimators=140; total time=  12.5s
[CV] END .learning_rate=0.06, max_depth=13, n_estimators=140; total time=  12.0s
[CV] END .learning_rate=0.06, max_depth=13, n_estimators=110; total time=  11.4s
[CV] END .learning_rate=0.06, max_depth=13, n_estimators=110; total time=  11.3s
[CV] END .learning_rate=0.06, max_depth=13, n_estimators=110; total time=  10.5s
[CV] END .learning_rate=0.06, max_depth=14, n_estimators=120; total time=  14.4s
[CV] END .learning_rate=0.06, max_depth=14, n_estimators=120; total time=  14.3s
[CV] END .learning_rate=0.06, max_depth=14, n_estimators=130; total time=  15.8s
[CV] END .learning_rate=0.06, max_depth=14, n_estimators=130; total time=  15.2s
[CV] END .learning_rate=0.06, max_depth=14, n_estimators=130; total time=  15.4s
[CV] END .learning_rate=0.06, max_depth=14, n_estimators=130; total time=  14.6s
[CV] END .learning_rate=0.06, max_depth=14, n_estimators=140; total time=  16.5s
[CV] END .learning_rate=0.06, max_depth=14, n_estimators=140; total time=  16.1s
[CV] END .learning_rate=0.06, max_depth=14, n_estimators=140; total time=  15.0s
[CV] END .learning_rate=0.06, max_depth=14, n_estimators=110; total time=  13.4s
[CV] END .learning_rate=0.06, max_depth=14, n_estimators=110; total time=  13.1s
[CV] END learning_rate=0.001, max_depth=11, n_estimators=120; total time=  11.0s
[CV] END learning_rate=0.001, max_depth=11, n_estimators=120; total time=  10.1s
[CV] END learning_rate=0.001, max_depth=11, n_estimators=130; total time=  11.2s
[CV] END learning_rate=0.001, max_depth=11, n_estimators=130; total time=  10.9s
[CV] END learning_rate=0.001, max_depth=11, n_estimators=130; total time=  11.5s
[CV] END learning_rate=0.001, max_depth=11, n_estimators=140; total time=  12.1s
[CV] END learning_rate=0.001, max_depth=11, n_estimators=140; total time=  12.2s
[CV] END learning_rate=0.001, max_depth=11, n_estimators=110; total time=   9.8s
[CV] END learning_rate=0.001, max_depth=11, n_estimators=110; total time=   9.5s
[CV] END learning_rate=0.001, max_depth=11, n_estimators=110; total time=   9.4s
[CV] END learning_rate=0.001, max_depth=15, n_estimators=120; total time=  21.2s
[CV] END learning_rate=0.001, max_depth=15, n_estimators=120; total time=  21.4s
[CV] END .learning_rate=0.06, max_depth=14, n_estimators=130; total time=  14.6s
[CV] END .learning_rate=0.06, max_depth=14, n_estimators=140; total time=  15.8s
[CV] END .learning_rate=0.06, max_depth=14, n_estimators=140; total time=  15.2s
[CV] END .learning_rate=0.06, max_depth=14, n_estimators=110; total time=  14.1s
[CV] END .learning_rate=0.06, max_depth=14, n_estimators=110; total time=  13.5s
[CV] END .learning_rate=0.06, max_depth=14, n_estimators=110; total time=  12.7s
[CV] END learning_rate=0.001, max_depth=11, n_estimators=120; total time=  10.8s
[CV] END learning_rate=0.001, max_depth=11, n_estimators=120; total time=  10.4s
[CV] END learning_rate=0.001, max_depth=11, n_estimators=120; total time=  10.2s
[CV] END learning_rate=0.001, max_depth=11, n_estimators=130; total time=  10.8s
[CV] END learning_rate=0.001, max_depth=11, n_estimators=130; total time=  11.3s
[CV] END learning_rate=0.001, max_depth=11, n_estimators=140; total time=  12.0s
[CV] END learning_rate=0.001, max_depth=11, n_estimators=140; total time=  12.0s
[CV] END learning_rate=0.001, max_depth=11, n_estimators=140; total time=  11.7s
[CV] END learning_rate=0.001, max_depth=11, n_estimators=110; total time=   9.5s
[CV] END learning_rate=0.001, max_depth=11, n_estimators=110; total time=   9.2s
[CV] END learning_rate=0.001, max_depth=15, n_estimators=120; total time=  21.7s
[CV] END learning_rate=0.001, max_depth=15, n_estimators=120; total time=  21.4s
[CV] END learning_rate=0.001, max_depth=15, n_estimators=120; total time=  22.0s
[CV] END learning_rate=0.001, max_depth=15, n_estimators=130; total time=  24.0s
[CV] END learning_rate=0.001, max_depth=15, n_estimators=130; total time=  23.6s
[CV] END learning_rate=0.001, max_depth=15, n_estimators=130; total time=  23.3s
[CV] END learning_rate=0.001, max_depth=15, n_estimators=140; total time=  25.1s
[CV] END learning_rate=0.001, max_depth=15, n_estimators=140; total time=  25.2s
[CV] END learning_rate=0.001, max_depth=15, n_estimators=110; total time=  20.6s
[CV] END learning_rate=0.001, max_depth=15, n_estimators=110; total time=  20.3s
[CV] END learning_rate=0.001, max_depth=15, n_estimators=110; total time=  19.9s
[CV] END learning_rate=0.001, max_depth=13, n_estimators=120; total time=  15.3s
[CV] END learning_rate=0.001, max_depth=13, n_estimators=120; total time=  14.4s
[CV] END learning_rate=0.001, max_depth=13, n_estimators=120; total time=  14.6s
[CV] END learning_rate=0.001, max_depth=13, n_estimators=130; total time=  16.1s
[CV] END learning_rate=0.001, max_depth=13, n_estimators=130; total time=  16.1s
[CV] END learning_rate=0.001, max_depth=13, n_estimators=140; total time=  17.9s
[CV] END learning_rate=0.001, max_depth=13, n_estimators=140; total time=  17.3s
[CV] END learning_rate=0.001, max_depth=13, n_estimators=140; total time=  17.0s
[CV] END learning_rate=0.001, max_depth=13, n_estimators=110; total time=  13.1s
[CV] END learning_rate=0.001, max_depth=13, n_estimators=110; total time=  13.2s
[CV] END learning_rate=0.001, max_depth=14, n_estimators=120; total time=  17.6s
[CV] END learning_rate=0.001, max_depth=14, n_estimators=120; total time=  17.7s
[CV] END learning_rate=0.001, max_depth=15, n_estimators=130; total time=  23.6s
[CV] END learning_rate=0.001, max_depth=15, n_estimators=130; total time=  23.2s
[CV] END learning_rate=0.001, max_depth=15, n_estimators=140; total time=  25.6s
[CV] END learning_rate=0.001, max_depth=15, n_estimators=140; total time=  25.2s
[CV] END learning_rate=0.001, max_depth=15, n_estimators=140; total time=  25.0s
[CV] END learning_rate=0.001, max_depth=15, n_estimators=110; total time=  19.9s
[CV] END learning_rate=0.001, max_depth=15, n_estimators=110; total time=  19.7s
[CV] END learning_rate=0.001, max_depth=13, n_estimators=120; total time=  14.2s
[CV] END learning_rate=0.001, max_depth=13, n_estimators=120; total time=  14.3s
[CV] END learning_rate=0.001, max_depth=13, n_estimators=130; total time=  16.9s
[CV] END learning_rate=0.001, max_depth=13, n_estimators=130; total time=  15.8s
[CV] END learning_rate=0.001, max_depth=13, n_estimators=130; total time=  16.2s
[CV] END learning_rate=0.001, max_depth=13, n_estimators=140; total time=  16.8s
[CV] END learning_rate=0.001, max_depth=13, n_estimators=140; total time=  17.0s
[CV] END learning_rate=0.001, max_depth=13, n_estimators=110; total time=  14.1s
[CV] END learning_rate=0.001, max_depth=13, n_estimators=110; total time=  13.3s
[CV] END learning_rate=0.001, max_depth=13, n_estimators=110; total time=  13.5s
[CV] END learning_rate=0.001, max_depth=14, n_estimators=120; total time=  18.2s
[CV] END learning_rate=0.001, max_depth=14, n_estimators=120; total time=  17.3s
[CV] END learning_rate=0.001, max_depth=14, n_estimators=120; total time=  17.8s
[CV] END learning_rate=0.001, max_depth=14, n_estimators=130; total time=  20.6s
[CV] END learning_rate=0.001, max_depth=14, n_estimators=130; total time=  19.2s
[CV] END learning_rate=0.001, max_depth=14, n_estimators=130; total time=  19.0s
[CV] END learning_rate=0.001, max_depth=14, n_estimators=140; total time=  20.4s
[CV] END learning_rate=0.001, max_depth=14, n_estimators=140; total time=  20.8s
[CV] END learning_rate=0.001, max_depth=14, n_estimators=110; total time=  16.9s
[CV] END learning_rate=0.001, max_depth=14, n_estimators=110; total time=  16.3s
[CV] END learning_rate=0.001, max_depth=14, n_estimators=110; total time=  16.1s
[CV] END learning_rate=0.002, max_depth=11, n_estimators=120; total time=  10.2s
[CV] END learning_rate=0.002, max_depth=11, n_estimators=120; total time=  10.0s
[CV] END learning_rate=0.002, max_depth=11, n_estimators=120; total time=  10.0s
[CV] END learning_rate=0.002, max_depth=11, n_estimators=130; total time=  10.8s
[CV] END learning_rate=0.002, max_depth=11, n_estimators=130; total time=  11.2s
[CV] END learning_rate=0.002, max_depth=11, n_estimators=140; total time=  12.3s
[CV] END learning_rate=0.002, max_depth=11, n_estimators=140; total time=  11.3s
[CV] END learning_rate=0.002, max_depth=11, n_estimators=140; total time=  11.3s
[CV] END learning_rate=0.002, max_depth=11, n_estimators=110; total time=   9.0s
[CV] END learning_rate=0.002, max_depth=11, n_estimators=110; total time=   9.4s
[CV] END learning_rate=0.002, max_depth=15, n_estimators=120; total time=  22.5s
[CV] END learning_rate=0.002, max_depth=15, n_estimators=120; total time=  21.7s
[CV] END learning_rate=0.001, max_depth=14, n_estimators=130; total time=  19.4s
[CV] END learning_rate=0.001, max_depth=14, n_estimators=130; total time=  19.3s
[CV] END learning_rate=0.001, max_depth=14, n_estimators=140; total time=  21.4s
[CV] END learning_rate=0.001, max_depth=14, n_estimators=140; total time=  20.5s
[CV] END learning_rate=0.001, max_depth=14, n_estimators=140; total time=  20.8s
[CV] END learning_rate=0.001, max_depth=14, n_estimators=110; total time=  16.0s
[CV] END learning_rate=0.001, max_depth=14, n_estimators=110; total time=  16.3s
[CV] END learning_rate=0.002, max_depth=11, n_estimators=120; total time=  10.3s
[CV] END learning_rate=0.002, max_depth=11, n_estimators=120; total time=   9.9s
[CV] END learning_rate=0.002, max_depth=11, n_estimators=130; total time=  11.5s
[CV] END learning_rate=0.002, max_depth=11, n_estimators=130; total time=  10.7s
[CV] END learning_rate=0.002, max_depth=11, n_estimators=130; total time=  11.3s
[CV] END learning_rate=0.002, max_depth=11, n_estimators=140; total time=  11.9s
[CV] END learning_rate=0.002, max_depth=11, n_estimators=140; total time=  11.7s
[CV] END learning_rate=0.002, max_depth=11, n_estimators=110; total time=   9.5s
[CV] END learning_rate=0.002, max_depth=11, n_estimators=110; total time=   9.4s
[CV] END learning_rate=0.002, max_depth=11, n_estimators=110; total time=   9.3s
[CV] END learning_rate=0.002, max_depth=15, n_estimators=120; total time=  22.4s
[CV] END learning_rate=0.002, max_depth=15, n_estimators=120; total time=  21.4s
[CV] END learning_rate=0.002, max_depth=15, n_estimators=130; total time=  24.5s
[CV] END learning_rate=0.002, max_depth=15, n_estimators=130; total time=  23.8s
[CV] END learning_rate=0.002, max_depth=15, n_estimators=130; total time=  24.2s
[CV] END learning_rate=0.002, max_depth=15, n_estimators=140; total time=  26.0s
[CV] END learning_rate=0.002, max_depth=15, n_estimators=140; total time=  25.8s
[CV] END learning_rate=0.002, max_depth=15, n_estimators=110; total time=  20.3s
[CV] END learning_rate=0.002, max_depth=15, n_estimators=110; total time=  19.5s
[CV] END learning_rate=0.002, max_depth=15, n_estimators=110; total time=  19.7s
[CV] END learning_rate=0.002, max_depth=13, n_estimators=120; total time=  14.6s
[CV] END learning_rate=0.002, max_depth=13, n_estimators=120; total time=  14.9s
[CV] END learning_rate=0.002, max_depth=13, n_estimators=130; total time=  16.6s
[CV] END learning_rate=0.002, max_depth=13, n_estimators=130; total time=  16.3s
[CV] END learning_rate=0.002, max_depth=13, n_estimators=130; total time=  16.1s
[CV] END learning_rate=0.002, max_depth=13, n_estimators=140; total time=  17.2s
[CV] END learning_rate=0.002, max_depth=13, n_estimators=140; total time=  17.3s
[CV] END learning_rate=0.002, max_depth=13, n_estimators=110; total time=  13.5s
[CV] END learning_rate=0.002, max_depth=13, n_estimators=110; total time=  13.2s
[CV] END learning_rate=0.002, max_depth=13, n_estimators=110; total time=  13.4s
[CV] END learning_rate=0.002, max_depth=14, n_estimators=120; total time=  17.8s
[CV] END learning_rate=0.002, max_depth=14, n_estimators=120; total time=  17.8s
[CV] END learning_rate=0.002, max_depth=14, n_estimators=130; total time=  20.4s
[CV] END learning_rate=0.002, max_depth=15, n_estimators=120; total time=  22.1s
[CV] END learning_rate=0.002, max_depth=15, n_estimators=130; total time=  24.0s
[CV] END learning_rate=0.002, max_depth=15, n_estimators=130; total time=  23.4s
[CV] END learning_rate=0.002, max_depth=15, n_estimators=140; total time=  26.4s
[CV] END learning_rate=0.002, max_depth=15, n_estimators=140; total time=  25.3s
[CV] END learning_rate=0.002, max_depth=15, n_estimators=140; total time=  24.9s
[CV] END learning_rate=0.002, max_depth=15, n_estimators=110; total time=  19.7s
[CV] END learning_rate=0.002, max_depth=15, n_estimators=110; total time=  19.6s
[CV] END learning_rate=0.002, max_depth=13, n_estimators=120; total time=  14.7s
[CV] END learning_rate=0.002, max_depth=13, n_estimators=120; total time=  14.3s
[CV] END learning_rate=0.002, max_depth=13, n_estimators=120; total time=  14.5s
[CV] END learning_rate=0.002, max_depth=13, n_estimators=130; total time=  15.6s
[CV] END learning_rate=0.002, max_depth=13, n_estimators=130; total time=  15.4s
[CV] END learning_rate=0.002, max_depth=13, n_estimators=140; total time=  17.7s
[CV] END learning_rate=0.002, max_depth=13, n_estimators=140; total time=  16.5s
[CV] END learning_rate=0.002, max_depth=13, n_estimators=140; total time=  17.0s
[CV] END learning_rate=0.002, max_depth=13, n_estimators=110; total time=  13.2s
[CV] END learning_rate=0.002, max_depth=13, n_estimators=110; total time=  13.0s
[CV] END learning_rate=0.002, max_depth=14, n_estimators=120; total time=  18.1s
[CV] END learning_rate=0.002, max_depth=14, n_estimators=120; total time=  17.3s
[CV] END learning_rate=0.002, max_depth=14, n_estimators=120; total time=  17.7s
[CV] END learning_rate=0.002, max_depth=14, n_estimators=130; total time=  19.0s
Best Parameters: {'learning_rate': 0.05, 'max_depth': 14, 'n_estimators': 120}
Best Negative MAE: -81900.84575401901
Cross-Validation Results (Negative MAE): [-96640.99702969 -80833.0248904  -68404.66806769 -74586.58909486
 -89038.94968745]
Mean Cross-Validation MAE: 81900.84575401901
R-squared scores for each fold: [-1.38315444 -0.90646153 -1.55375598  0.91289361 -0.51819587]
Mean R-squared score: -0.6897348420393932
Time taken: 2534.0217566490173 seconds
[CV] END learning_rate=0.002, max_depth=14, n_estimators=130; total time=  19.2s
[CV] END learning_rate=0.002, max_depth=14, n_estimators=130; total time=  19.6s
[CV] END learning_rate=0.002, max_depth=14, n_estimators=140; total time=  21.2s
[CV] END learning_rate=0.002, max_depth=14, n_estimators=140; total time=  20.8s
[CV] END learning_rate=0.002, max_depth=14, n_estimators=110; total time=  16.2s
[CV] END learning_rate=0.002, max_depth=14, n_estimators=110; total time=  15.9s
[CV] END learning_rate=0.002, max_depth=14, n_estimators=110; total time=  15.8s
[CV] END learning_rate=0.002, max_depth=14, n_estimators=130; total time=  19.1s
[CV] END learning_rate=0.002, max_depth=14, n_estimators=140; total time=  21.4s
[CV] END learning_rate=0.002, max_depth=14, n_estimators=140; total time=  20.6s
[CV] END learning_rate=0.002, max_depth=14, n_estimators=140; total time=  20.4s
[CV] END learning_rate=0.002, max_depth=14, n_estimators=110; total time=  16.4s
[CV] END learning_rate=0.002, max_depth=14, n_estimators=110; total time=  16.3s
