Started Time 2024-03-28 22:01:26.168595
This Log is for K=10 kflod value.

Fitting 10 folds for each of 64 candidates, totalling 640 fits
Best Parameters: {'learning_rate': 0.06, 'max_depth': 13, 'n_estimators': 130}
Best Negative MAE: -37966.36598198972
Cross-Validation Results (Negative MAE): [-38314.97142965 -38267.30675845 -38009.66949715 -37975.08520819
 -38218.39644752 -38184.9053521  -37581.44523608 -37759.04045917
 -37767.50579545 -37585.33363614]
Mean Cross-Validation MAE: 37966.36598198972
R-squared scores for each fold: [0.95010784 0.95006795 0.94994313 0.9505253  0.95031598 0.95119394
 0.95207574 0.95234646 0.95228895 0.95309177]
Mean R-squared score: 0.9511957073047268
Time taken: 3290.1274218559265 seconds
[CV] END .learning_rate=0.05, max_depth=11, n_estimators=120; total time=  30.7s
[CV] END .learning_rate=0.05, max_depth=11, n_estimators=130; total time=  34.2s
[CV] END .learning_rate=0.05, max_depth=11, n_estimators=140; total time=  29.2s
[CV] END .learning_rate=0.05, max_depth=11, n_estimators=110; total time=  23.8s
[CV] END .learning_rate=0.05, max_depth=15, n_estimators=130; total time= 1.4min
[CV] END .learning_rate=0.05, max_depth=15, n_estimators=140; total time= 1.5min
[CV] END .learning_rate=0.05, max_depth=15, n_estimators=110; total time= 1.2min
[CV] END .learning_rate=0.05, max_depth=13, n_estimators=120; total time=  42.1s
[CV] END .learning_rate=0.05, max_depth=13, n_estimators=130; total time=  40.2s
[CV] END .learning_rate=0.05, max_depth=13, n_estimators=140; total time=  54.2s
[CV] END .learning_rate=0.05, max_depth=14, n_estimators=120; total time=  57.0s
[CV] END .learning_rate=0.05, max_depth=14, n_estimators=130; total time= 1.0min
[CV] END .learning_rate=0.05, max_depth=14, n_estimators=140; total time= 1.1min
[CV] END .learning_rate=0.06, max_depth=11, n_estimators=120; total time=  28.9s
[CV] END .learning_rate=0.06, max_depth=11, n_estimators=130; total time=  29.6s
[CV] END .learning_rate=0.06, max_depth=11, n_estimators=140; total time=  28.2s
[CV] END .learning_rate=0.06, max_depth=11, n_estimators=110; total time=  24.2s
[CV] END .learning_rate=0.06, max_depth=15, n_estimators=120; total time= 1.1min
[CV] END .learning_rate=0.06, max_depth=15, n_estimators=130; total time= 1.2min
[CV] END .learning_rate=0.06, max_depth=15, n_estimators=140; total time= 1.4min
[CV] END .learning_rate=0.06, max_depth=13, n_estimators=120; total time=  39.4s
[CV] END .learning_rate=0.06, max_depth=13, n_estimators=130; total time=  42.2s
[CV] END .learning_rate=0.06, max_depth=13, n_estimators=140; total time=  50.4s
[CV] END .learning_rate=0.06, max_depth=13, n_estimators=110; total time=  39.8s
[CV] END .learning_rate=0.06, max_depth=14, n_estimators=120; total time=  56.2s
[CV] END .learning_rate=0.06, max_depth=14, n_estimators=130; total time= 1.1min
[CV] END .learning_rate=0.06, max_depth=14, n_estimators=110; total time=  56.7s
[CV] END learning_rate=0.001, max_depth=11, n_estimators=120; total time=  29.1s
[CV] END learning_rate=0.001, max_depth=11, n_estimators=130; total time=  33.3s
[CV] END learning_rate=0.001, max_depth=11, n_estimators=140; total time=  32.8s
[CV] END learning_rate=0.001, max_depth=15, n_estimators=120; total time= 1.0min
[CV] END learning_rate=0.001, max_depth=15, n_estimators=130; total time= 1.1min
[CV] END learning_rate=0.001, max_depth=15, n_estimators=140; total time= 1.2min
[CV] END learning_rate=0.001, max_depth=13, n_estimators=120; total time= 1.3min
[CV] END learning_rate=0.001, max_depth=13, n_estimators=130; total time= 1.4min
[CV] END learning_rate=0.001, max_depth=13, n_estimators=140; total time= 1.5min
[CV] END learning_rate=0.001, max_depth=13, n_estimators=110; total time= 1.2min
[CV] END learning_rate=0.001, max_depth=14, n_estimators=130; total time= 1.7min
[CV] END learning_rate=0.001, max_depth=14, n_estimators=140; total time= 1.8min
[CV] END learning_rate=0.001, max_depth=14, n_estimators=110; total time= 1.4min
[CV] END learning_rate=0.002, max_depth=11, n_estimators=120; total time=  51.8s
[CV] END learning_rate=0.002, max_depth=11, n_estimators=130; total time=  57.7s
[CV] END learning_rate=0.002, max_depth=11, n_estimators=110; total time=  49.2s
[CV] END learning_rate=0.002, max_depth=15, n_estimators=120; total time= 2.0min
[CV] END learning_rate=0.002, max_depth=15, n_estimators=130; total time= 1.6min
[CV] END learning_rate=0.002, max_depth=15, n_estimators=110; total time= 1.2min
[CV] END learning_rate=0.002, max_depth=13, n_estimators=120; total time=  56.1s
[CV] END learning_rate=0.002, max_depth=13, n_estimators=130; total time=  44.8s
[CV] END learning_rate=0.002, max_depth=13, n_estimators=140; total time= 1.1min
[CV] END learning_rate=0.002, max_depth=14, n_estimators=120; total time= 1.0min
[CV] END learning_rate=0.002, max_depth=14, n_estimators=130; total time= 1.1min
[CV] END learning_rate=0.002, max_depth=14, n_estimators=140; total time= 1.1min
[CV] END .learning_rate=0.05, max_depth=11, n_estimators=130; total time=  36.0s
[CV] END .learning_rate=0.05, max_depth=11, n_estimators=130; total time=  28.6s
[CV] END .learning_rate=0.05, max_depth=11, n_estimators=140; total time=  32.1s
[CV] END .learning_rate=0.05, max_depth=15, n_estimators=120; total time= 1.2min
[CV] END .learning_rate=0.05, max_depth=15, n_estimators=130; total time= 1.2min
[CV] END .learning_rate=0.05, max_depth=15, n_estimators=140; total time= 1.4min
[CV] END .learning_rate=0.05, max_depth=13, n_estimators=120; total time=  42.4s
[CV] END .learning_rate=0.05, max_depth=13, n_estimators=120; total time=  40.9s
[CV] END .learning_rate=0.05, max_depth=13, n_estimators=140; total time=  46.8s
[CV] END .learning_rate=0.05, max_depth=13, n_estimators=110; total time=  43.1s
[CV] END .learning_rate=0.05, max_depth=14, n_estimators=120; total time=  58.4s
[CV] END .learning_rate=0.05, max_depth=14, n_estimators=130; total time=  58.0s
[CV] END .learning_rate=0.05, max_depth=14, n_estimators=140; total time=  60.0s
[CV] END .learning_rate=0.06, max_depth=11, n_estimators=120; total time=  25.3s
[CV] END .learning_rate=0.06, max_depth=11, n_estimators=130; total time=  26.3s
[CV] END .learning_rate=0.06, max_depth=11, n_estimators=140; total time=  28.0s
[CV] END .learning_rate=0.06, max_depth=11, n_estimators=110; total time=  24.0s
[CV] END .learning_rate=0.06, max_depth=15, n_estimators=120; total time= 1.3min
[CV] END .learning_rate=0.06, max_depth=15, n_estimators=140; total time= 1.2min
[CV] END .learning_rate=0.06, max_depth=15, n_estimators=110; total time= 1.0min
[CV] END .learning_rate=0.06, max_depth=15, n_estimators=110; total time= 1.1min
[CV] END .learning_rate=0.06, max_depth=13, n_estimators=130; total time=  43.6s
[CV] END .learning_rate=0.06, max_depth=13, n_estimators=140; total time=  52.5s
[CV] END .learning_rate=0.06, max_depth=14, n_estimators=120; total time=  52.1s
[CV] END .learning_rate=0.06, max_depth=14, n_estimators=130; total time=  59.6s
[CV] END .learning_rate=0.06, max_depth=14, n_estimators=140; total time= 1.1min
[CV] END .learning_rate=0.06, max_depth=14, n_estimators=110; total time=  52.4s
[CV] END learning_rate=0.001, max_depth=11, n_estimators=130; total time=  32.8s
[CV] END learning_rate=0.001, max_depth=11, n_estimators=140; total time=  33.6s
[CV] END learning_rate=0.001, max_depth=15, n_estimators=120; total time= 1.0min
[CV] END learning_rate=0.001, max_depth=15, n_estimators=130; total time= 1.2min
[CV] END learning_rate=0.001, max_depth=15, n_estimators=140; total time= 1.3min
[CV] END learning_rate=0.001, max_depth=13, n_estimators=120; total time= 1.3min
[CV] END learning_rate=0.001, max_depth=13, n_estimators=130; total time= 1.4min
[CV] END learning_rate=0.001, max_depth=13, n_estimators=140; total time= 1.5min
[CV] END learning_rate=0.001, max_depth=14, n_estimators=120; total time= 1.6min
[CV] END learning_rate=0.001, max_depth=14, n_estimators=130; total time= 1.7min
[CV] END learning_rate=0.001, max_depth=14, n_estimators=140; total time= 1.7min
[CV] END learning_rate=0.001, max_depth=14, n_estimators=110; total time= 1.4min
[CV] END learning_rate=0.002, max_depth=11, n_estimators=120; total time=  52.5s
[CV] END learning_rate=0.002, max_depth=11, n_estimators=140; total time=  58.7s
[CV] END learning_rate=0.002, max_depth=11, n_estimators=110; total time=  49.9s
[CV] END learning_rate=0.002, max_depth=15, n_estimators=120; total time= 2.1min
[CV] END learning_rate=0.002, max_depth=15, n_estimators=130; total time= 1.3min
[CV] END learning_rate=0.002, max_depth=15, n_estimators=140; total time= 1.6min
[CV] END learning_rate=0.002, max_depth=13, n_estimators=120; total time=  48.1s
[CV] END learning_rate=0.002, max_depth=13, n_estimators=140; total time= 1.1min
[CV] END learning_rate=0.002, max_depth=13, n_estimators=110; total time=  39.1s
[CV] END learning_rate=0.002, max_depth=14, n_estimators=120; total time=  58.5s
[CV] END learning_rate=0.002, max_depth=14, n_estimators=130; total time= 1.1min
[CV] END learning_rate=0.002, max_depth=14, n_estimators=110; total time= 1.0min
[CV] END .learning_rate=0.05, max_depth=11, n_estimators=120; total time=  31.0s
[CV] END .learning_rate=0.05, max_depth=11, n_estimators=130; total time=  31.4s
[CV] END .learning_rate=0.05, max_depth=11, n_estimators=140; total time=  31.6s
[CV] END .learning_rate=0.05, max_depth=11, n_estimators=110; total time=  24.9s
[CV] END .learning_rate=0.05, max_depth=15, n_estimators=130; total time= 1.2min
[CV] END .learning_rate=0.05, max_depth=15, n_estimators=140; total time= 1.5min
[CV] END .learning_rate=0.05, max_depth=15, n_estimators=110; total time= 1.0min
[CV] END .learning_rate=0.05, max_depth=13, n_estimators=120; total time=  40.0s
[CV] END .learning_rate=0.05, max_depth=13, n_estimators=130; total time=  44.7s
[CV] END .learning_rate=0.05, max_depth=13, n_estimators=140; total time=  49.4s
[CV] END .learning_rate=0.05, max_depth=13, n_estimators=110; total time=  42.5s
[CV] END .learning_rate=0.05, max_depth=14, n_estimators=130; total time= 1.1min
[CV] END .learning_rate=0.05, max_depth=14, n_estimators=140; total time=  59.2s
[CV] END .learning_rate=0.05, max_depth=14, n_estimators=110; total time=  51.0s
[CV] END .learning_rate=0.06, max_depth=11, n_estimators=120; total time=  23.7s
[CV] END .learning_rate=0.06, max_depth=11, n_estimators=130; total time=  26.9s
[CV] END .learning_rate=0.06, max_depth=11, n_estimators=140; total time=  32.0s
[CV] END .learning_rate=0.06, max_depth=15, n_estimators=120; total time= 1.2min
[CV] END .learning_rate=0.06, max_depth=15, n_estimators=130; total time= 1.3min
[CV] END .learning_rate=0.06, max_depth=15, n_estimators=140; total time= 1.2min
[CV] END .learning_rate=0.06, max_depth=13, n_estimators=120; total time=  39.8s
[CV] END .learning_rate=0.06, max_depth=13, n_estimators=120; total time=  36.9s
[CV] END .learning_rate=0.06, max_depth=13, n_estimators=140; total time=  48.0s
[CV] END .learning_rate=0.06, max_depth=13, n_estimators=110; total time=  43.8s
[CV] END .learning_rate=0.06, max_depth=14, n_estimators=120; total time=  57.5s
[CV] END .learning_rate=0.06, max_depth=14, n_estimators=130; total time=  53.7s
[CV] END .learning_rate=0.06, max_depth=14, n_estimators=140; total time=  57.8s
[CV] END learning_rate=0.001, max_depth=11, n_estimators=120; total time=  30.3s
[CV] END learning_rate=0.001, max_depth=11, n_estimators=130; total time=  29.0s
[CV] END learning_rate=0.001, max_depth=11, n_estimators=140; total time=  36.6s
[CV] END learning_rate=0.001, max_depth=11, n_estimators=110; total time=  27.3s
[CV] END learning_rate=0.001, max_depth=15, n_estimators=120; total time=  57.6s
[CV] END learning_rate=0.001, max_depth=15, n_estimators=130; total time=  57.2s
[CV] END learning_rate=0.001, max_depth=15, n_estimators=140; total time= 1.1min
[CV] END learning_rate=0.001, max_depth=15, n_estimators=110; total time= 1.6min
[CV] END learning_rate=0.001, max_depth=13, n_estimators=130; total time= 1.4min
[CV] END learning_rate=0.001, max_depth=13, n_estimators=140; total time= 1.5min
[CV] END learning_rate=0.001, max_depth=14, n_estimators=120; total time= 1.5min
[CV] END learning_rate=0.001, max_depth=14, n_estimators=130; total time= 1.7min
[CV] END learning_rate=0.001, max_depth=14, n_estimators=140; total time= 1.8min
[CV] END learning_rate=0.001, max_depth=14, n_estimators=110; total time= 1.4min
[CV] END learning_rate=0.002, max_depth=11, n_estimators=130; total time=  56.6s
[CV] END learning_rate=0.002, max_depth=11, n_estimators=140; total time= 1.0min
[CV] END learning_rate=0.002, max_depth=11, n_estimators=110; total time=  49.3s
[CV] END learning_rate=0.002, max_depth=15, n_estimators=120; total time= 2.1min
[CV] END learning_rate=0.002, max_depth=15, n_estimators=130; total time= 1.3min
[CV] END learning_rate=0.002, max_depth=15, n_estimators=110; total time=  53.8s
[CV] END learning_rate=0.002, max_depth=15, n_estimators=110; total time= 1.2min
[CV] END learning_rate=0.002, max_depth=13, n_estimators=130; total time=  43.3s
[CV] END learning_rate=0.002, max_depth=13, n_estimators=140; total time=  59.6s
[CV] END learning_rate=0.002, max_depth=13, n_estimators=110; total time=  42.9s
[CV] END learning_rate=0.002, max_depth=14, n_estimators=130; total time=  55.7s
[CV] END learning_rate=0.002, max_depth=14, n_estimators=140; total time= 1.0min
[CV] END learning_rate=0.002, max_depth=14, n_estimators=110; total time=  52.1s
[CV] END .learning_rate=0.05, max_depth=11, n_estimators=120; total time=  37.9s
[CV] END .learning_rate=0.05, max_depth=11, n_estimators=140; total time=  29.7s
[CV] END .learning_rate=0.05, max_depth=11, n_estimators=110; total time=  23.9s
[CV] END .learning_rate=0.05, max_depth=11, n_estimators=110; total time=  25.5s
[CV] END .learning_rate=0.05, max_depth=15, n_estimators=120; total time= 1.2min
[CV] END .learning_rate=0.05, max_depth=15, n_estimators=140; total time= 1.4min
[CV] END .learning_rate=0.05, max_depth=15, n_estimators=110; total time= 1.1min
[CV] END .learning_rate=0.05, max_depth=13, n_estimators=120; total time=  47.6s
[CV] END .learning_rate=0.05, max_depth=13, n_estimators=130; total time=  41.7s
[CV] END .learning_rate=0.05, max_depth=13, n_estimators=140; total time=  42.9s
[CV] END .learning_rate=0.05, max_depth=13, n_estimators=110; total time=  40.7s
[CV] END .learning_rate=0.05, max_depth=14, n_estimators=120; total time=  50.5s
[CV] END .learning_rate=0.05, max_depth=14, n_estimators=130; total time= 1.0min
[CV] END .learning_rate=0.05, max_depth=14, n_estimators=110; total time=  52.6s
[CV] END .learning_rate=0.06, max_depth=11, n_estimators=120; total time=  28.2s
[CV] END .learning_rate=0.06, max_depth=11, n_estimators=130; total time=  27.4s
[CV] END .learning_rate=0.06, max_depth=11, n_estimators=140; total time=  26.0s
[CV] END .learning_rate=0.06, max_depth=11, n_estimators=110; total time=  23.2s
[CV] END .learning_rate=0.06, max_depth=15, n_estimators=120; total time= 1.2min
[CV] END .learning_rate=0.06, max_depth=15, n_estimators=140; total time= 1.3min
[CV] END .learning_rate=0.06, max_depth=15, n_estimators=110; total time= 1.1min
[CV] END .learning_rate=0.06, max_depth=15, n_estimators=110; total time= 1.2min
[CV] END .learning_rate=0.06, max_depth=13, n_estimators=130; total time=  50.0s
[CV] END .learning_rate=0.06, max_depth=13, n_estimators=110; total time=  38.8s
[CV] END .learning_rate=0.06, max_depth=14, n_estimators=120; total time=  58.1s
[CV] END .learning_rate=0.06, max_depth=14, n_estimators=130; total time=  54.5s
[CV] END .learning_rate=0.06, max_depth=14, n_estimators=140; total time=  57.1s
[CV] END .learning_rate=0.06, max_depth=14, n_estimators=110; total time=  49.5s
[CV] END learning_rate=0.001, max_depth=11, n_estimators=130; total time=  33.4s
[CV] END learning_rate=0.001, max_depth=11, n_estimators=140; total time=  32.1s
[CV] END learning_rate=0.001, max_depth=11, n_estimators=110; total time=  28.4s
[CV] END learning_rate=0.001, max_depth=15, n_estimators=130; total time= 1.1min
[CV] END learning_rate=0.001, max_depth=15, n_estimators=140; total time= 1.3min
[CV] END learning_rate=0.001, max_depth=15, n_estimators=110; total time= 1.1min
[CV] END learning_rate=0.001, max_depth=13, n_estimators=120; total time= 1.3min
[CV] END learning_rate=0.001, max_depth=13, n_estimators=130; total time= 1.4min
[CV] END learning_rate=0.001, max_depth=13, n_estimators=110; total time= 1.2min
[CV] END learning_rate=0.001, max_depth=13, n_estimators=110; total time= 1.2min
[CV] END learning_rate=0.001, max_depth=14, n_estimators=130; total time= 1.6min
[CV] END learning_rate=0.001, max_depth=14, n_estimators=140; total time= 1.8min
[CV] END learning_rate=0.001, max_depth=14, n_estimators=110; total time= 1.4min
[CV] END learning_rate=0.002, max_depth=11, n_estimators=120; total time=  51.8s
[CV] END learning_rate=0.002, max_depth=11, n_estimators=130; total time=  56.7s
[CV] END learning_rate=0.002, max_depth=11, n_estimators=110; total time=  46.9s
[CV] END learning_rate=0.002, max_depth=11, n_estimators=110; total time=  50.0s
[CV] END learning_rate=0.002, max_depth=15, n_estimators=130; total time= 2.1min
[CV] END learning_rate=0.002, max_depth=15, n_estimators=140; total time= 1.3min
[CV] END learning_rate=0.002, max_depth=15, n_estimators=110; total time=  57.5s
[CV] END learning_rate=0.002, max_depth=13, n_estimators=120; total time=  45.0s
[CV] END learning_rate=0.002, max_depth=13, n_estimators=130; total time=  52.8s
[CV] END learning_rate=0.002, max_depth=13, n_estimators=140; total time=  54.0s
[CV] END learning_rate=0.002, max_depth=13, n_estimators=110; total time=  39.0s
[CV] END learning_rate=0.002, max_depth=14, n_estimators=120; total time= 1.0min
[CV] END learning_rate=0.002, max_depth=14, n_estimators=140; total time= 1.1min
[CV] END learning_rate=0.002, max_depth=14, n_estimators=110; total time=  45.0s
[CV] END .learning_rate=0.05, max_depth=11, n_estimators=120; total time=  34.9s
[CV] END .learning_rate=0.05, max_depth=11, n_estimators=130; total time=  34.4s
[CV] END .learning_rate=0.05, max_depth=11, n_estimators=110; total time=  25.0s
[CV] END .learning_rate=0.05, max_depth=15, n_estimators=120; total time= 1.4min
[CV] END .learning_rate=0.05, max_depth=15, n_estimators=130; total time= 1.3min
[CV] END .learning_rate=0.05, max_depth=15, n_estimators=110; total time= 1.2min
[CV] END .learning_rate=0.05, max_depth=15, n_estimators=110; total time= 1.1min
[CV] END .learning_rate=0.05, max_depth=13, n_estimators=130; total time=  42.6s
[CV] END .learning_rate=0.05, max_depth=13, n_estimators=140; total time=  45.8s
[CV] END .learning_rate=0.05, max_depth=13, n_estimators=110; total time=  37.3s
[CV] END .learning_rate=0.05, max_depth=14, n_estimators=130; total time=  59.2s
[CV] END .learning_rate=0.05, max_depth=14, n_estimators=140; total time=  58.9s
[CV] END .learning_rate=0.05, max_depth=14, n_estimators=110; total time=  52.1s
[CV] END .learning_rate=0.06, max_depth=11, n_estimators=120; total time=  22.1s
[CV] END .learning_rate=0.06, max_depth=11, n_estimators=130; total time=  27.7s
[CV] END .learning_rate=0.06, max_depth=11, n_estimators=140; total time=  30.8s
[CV] END .learning_rate=0.06, max_depth=15, n_estimators=120; total time= 1.3min
[CV] END .learning_rate=0.06, max_depth=15, n_estimators=130; total time= 1.2min
[CV] END .learning_rate=0.06, max_depth=15, n_estimators=140; total time= 1.2min
[CV] END .learning_rate=0.06, max_depth=15, n_estimators=110; total time= 1.1min
[CV] END .learning_rate=0.06, max_depth=13, n_estimators=130; total time=  43.0s
[CV] END .learning_rate=0.06, max_depth=13, n_estimators=140; total time=  46.0s
[CV] END .learning_rate=0.06, max_depth=13, n_estimators=110; total time=  37.2s
[CV] END .learning_rate=0.06, max_depth=14, n_estimators=120; total time=  55.8s
[CV] END .learning_rate=0.06, max_depth=14, n_estimators=140; total time=  53.7s
[CV] END .learning_rate=0.06, max_depth=14, n_estimators=110; total time=  51.6s
[CV] END learning_rate=0.001, max_depth=11, n_estimators=120; total time=  26.4s
[CV] END learning_rate=0.001, max_depth=11, n_estimators=130; total time=  29.1s
[CV] END learning_rate=0.001, max_depth=11, n_estimators=140; total time=  32.0s
[CV] END learning_rate=0.001, max_depth=11, n_estimators=110; total time=  26.4s
[CV] END learning_rate=0.001, max_depth=15, n_estimators=120; total time= 1.1min
[CV] END learning_rate=0.001, max_depth=15, n_estimators=140; total time= 1.2min
[CV] END learning_rate=0.001, max_depth=15, n_estimators=110; total time=  51.3s
[CV] END learning_rate=0.001, max_depth=13, n_estimators=120; total time= 1.3min
[CV] END learning_rate=0.001, max_depth=13, n_estimators=120; total time= 1.3min
[CV] END learning_rate=0.001, max_depth=13, n_estimators=140; total time= 1.5min
[CV] END learning_rate=0.001, max_depth=13, n_estimators=110; total time= 1.1min
[CV] END learning_rate=0.001, max_depth=14, n_estimators=120; total time= 1.5min
[CV] END learning_rate=0.001, max_depth=14, n_estimators=130; total time= 1.6min
[CV] END learning_rate=0.001, max_depth=14, n_estimators=140; total time= 1.8min
[CV] END learning_rate=0.002, max_depth=11, n_estimators=120; total time=  52.6s
[CV] END learning_rate=0.002, max_depth=11, n_estimators=130; total time=  56.3s
[CV] END learning_rate=0.002, max_depth=11, n_estimators=140; total time=  59.5s
[CV] END learning_rate=0.002, max_depth=11, n_estimators=110; total time=  51.6s
[CV] END learning_rate=0.002, max_depth=15, n_estimators=130; total time= 2.1min
[CV] END learning_rate=0.002, max_depth=15, n_estimators=140; total time= 1.7min
[CV] END learning_rate=0.002, max_depth=15, n_estimators=110; total time= 1.0min
[CV] END learning_rate=0.002, max_depth=13, n_estimators=120; total time=  42.7s
[CV] END learning_rate=0.002, max_depth=13, n_estimators=130; total time=  43.8s
[CV] END learning_rate=0.002, max_depth=13, n_estimators=140; total time=  45.6s
[CV] END learning_rate=0.002, max_depth=13, n_estimators=110; total time=  37.9s
[CV] END learning_rate=0.002, max_depth=14, n_estimators=130; total time= 1.1min
[CV] END learning_rate=0.002, max_depth=14, n_estimators=140; total time= 1.1min
[CV] END learning_rate=0.002, max_depth=14, n_estimators=110; total time=  46.2s
[CV] END .learning_rate=0.05, max_depth=11, n_estimators=120; total time=  33.2s
[CV] END .learning_rate=0.05, max_depth=11, n_estimators=130; total time=  35.4s
[CV] END .learning_rate=0.05, max_depth=11, n_estimators=110; total time=  28.0s
[CV] END .learning_rate=0.05, max_depth=15, n_estimators=120; total time= 1.3min
[CV] END .learning_rate=0.05, max_depth=15, n_estimators=130; total time= 1.3min
[CV] END .learning_rate=0.05, max_depth=15, n_estimators=140; total time= 1.3min
[CV] END .learning_rate=0.05, max_depth=15, n_estimators=110; total time= 1.2min
[CV] END .learning_rate=0.05, max_depth=13, n_estimators=130; total time=  42.4s
[CV] END .learning_rate=0.05, max_depth=13, n_estimators=140; total time=  48.2s
[CV] END .learning_rate=0.05, max_depth=14, n_estimators=120; total time=  59.0s
[CV] END .learning_rate=0.05, max_depth=14, n_estimators=130; total time= 1.1min
[CV] END .learning_rate=0.05, max_depth=14, n_estimators=140; total time= 1.0min
[CV] END .learning_rate=0.05, max_depth=14, n_estimators=110; total time=  49.5s
[CV] END .learning_rate=0.06, max_depth=11, n_estimators=130; total time=  28.4s
[CV] END .learning_rate=0.06, max_depth=11, n_estimators=110; total time=  23.2s
[CV] END .learning_rate=0.06, max_depth=11, n_estimators=110; total time=  26.5s
[CV] END .learning_rate=0.06, max_depth=15, n_estimators=130; total time= 1.3min
[CV] END .learning_rate=0.06, max_depth=15, n_estimators=140; total time= 1.4min
[CV] END .learning_rate=0.06, max_depth=15, n_estimators=110; total time= 1.2min
[CV] END .learning_rate=0.06, max_depth=13, n_estimators=120; total time=  41.1s
[CV] END .learning_rate=0.06, max_depth=13, n_estimators=130; total time=  43.0s
[CV] END .learning_rate=0.06, max_depth=13, n_estimators=140; total time=  44.5s
[CV] END .learning_rate=0.06, max_depth=14, n_estimators=120; total time=  56.2s
[CV] END .learning_rate=0.06, max_depth=14, n_estimators=130; total time=  52.1s
[CV] END .learning_rate=0.06, max_depth=14, n_estimators=140; total time=  55.0s
[CV] END .learning_rate=0.06, max_depth=14, n_estimators=110; total time=  46.7s
[CV] END learning_rate=0.001, max_depth=11, n_estimators=130; total time=  32.9s
[CV] END learning_rate=0.001, max_depth=11, n_estimators=140; total time=  32.6s
[CV] END learning_rate=0.001, max_depth=11, n_estimators=110; total time=  28.8s
[CV] END learning_rate=0.001, max_depth=15, n_estimators=120; total time= 1.0min
[CV] END learning_rate=0.001, max_depth=15, n_estimators=130; total time=  58.0s
[CV] END learning_rate=0.001, max_depth=15, n_estimators=140; total time= 1.2min
[CV] END learning_rate=0.001, max_depth=13, n_estimators=120; total time= 1.3min
[CV] END learning_rate=0.001, max_depth=13, n_estimators=130; total time= 1.4min
[CV] END learning_rate=0.001, max_depth=13, n_estimators=140; total time= 1.5min
[CV] END learning_rate=0.001, max_depth=13, n_estimators=110; total time= 1.2min
[CV] END learning_rate=0.001, max_depth=14, n_estimators=120; total time= 1.6min
[CV] END learning_rate=0.001, max_depth=14, n_estimators=140; total time= 1.8min
[CV] END learning_rate=0.001, max_depth=14, n_estimators=110; total time= 1.4min
[CV] END learning_rate=0.002, max_depth=11, n_estimators=120; total time=  52.3s
[CV] END learning_rate=0.002, max_depth=11, n_estimators=130; total time=  59.9s
[CV] END learning_rate=0.002, max_depth=11, n_estimators=140; total time= 1.0min
[CV] END learning_rate=0.002, max_depth=15, n_estimators=120; total time= 2.1min
[CV] END learning_rate=0.002, max_depth=15, n_estimators=130; total time= 1.5min
[CV] END learning_rate=0.002, max_depth=15, n_estimators=140; total time= 1.3min
[CV] END learning_rate=0.002, max_depth=15, n_estimators=110; total time=  59.1s
[CV] END learning_rate=0.002, max_depth=13, n_estimators=130; total time=  44.1s
[CV] END learning_rate=0.002, max_depth=13, n_estimators=140; total time= 1.0min
[CV] END learning_rate=0.002, max_depth=13, n_estimators=110; total time=  45.5s
[CV] END learning_rate=0.002, max_depth=14, n_estimators=120; total time= 1.0min
[CV] END learning_rate=0.002, max_depth=14, n_estimators=140; total time= 1.3min
[CV] END learning_rate=0.002, max_depth=14, n_estimators=110; total time=  47.2s
[CV] END .learning_rate=0.05, max_depth=11, n_estimators=120; total time=  32.3s
[CV] END .learning_rate=0.05, max_depth=11, n_estimators=130; total time=  29.8s
[CV] END .learning_rate=0.05, max_depth=11, n_estimators=140; total time=  28.4s
[CV] END .learning_rate=0.05, max_depth=11, n_estimators=110; total time=  25.0s
[CV] END .learning_rate=0.05, max_depth=15, n_estimators=120; total time= 1.2min
[CV] END .learning_rate=0.05, max_depth=15, n_estimators=140; total time= 1.4min
[CV] END .learning_rate=0.05, max_depth=15, n_estimators=110; total time= 1.2min
[CV] END .learning_rate=0.05, max_depth=13, n_estimators=120; total time=  41.2s
[CV] END .learning_rate=0.05, max_depth=13, n_estimators=130; total time=  42.0s
[CV] END .learning_rate=0.05, max_depth=13, n_estimators=140; total time=  47.6s
[CV] END .learning_rate=0.05, max_depth=13, n_estimators=110; total time=  38.1s
[CV] END .learning_rate=0.05, max_depth=14, n_estimators=120; total time=  56.5s
[CV] END .learning_rate=0.05, max_depth=14, n_estimators=130; total time= 1.1min
[CV] END .learning_rate=0.05, max_depth=14, n_estimators=110; total time=  54.7s
[CV] END .learning_rate=0.06, max_depth=11, n_estimators=120; total time=  22.8s
[CV] END .learning_rate=0.06, max_depth=11, n_estimators=120; total time=  27.6s
[CV] END .learning_rate=0.06, max_depth=11, n_estimators=140; total time=  26.3s
[CV] END .learning_rate=0.06, max_depth=11, n_estimators=110; total time=  23.6s
[CV] END .learning_rate=0.06, max_depth=15, n_estimators=120; total time= 1.1min
[CV] END .learning_rate=0.06, max_depth=15, n_estimators=130; total time= 1.4min
[CV] END .learning_rate=0.06, max_depth=15, n_estimators=140; total time= 1.4min
[CV] END .learning_rate=0.06, max_depth=13, n_estimators=120; total time=  39.6s
[CV] END .learning_rate=0.06, max_depth=13, n_estimators=130; total time=  48.6s
[CV] END .learning_rate=0.06, max_depth=13, n_estimators=140; total time=  44.9s
[CV] END .learning_rate=0.06, max_depth=13, n_estimators=110; total time=  35.6s
[CV] END .learning_rate=0.06, max_depth=14, n_estimators=120; total time=  57.5s
[CV] END .learning_rate=0.06, max_depth=14, n_estimators=140; total time= 1.0min
[CV] END .learning_rate=0.06, max_depth=14, n_estimators=110; total time=  48.0s
[CV] END learning_rate=0.001, max_depth=11, n_estimators=120; total time=  25.1s
[CV] END learning_rate=0.001, max_depth=11, n_estimators=130; total time=  29.7s
[CV] END learning_rate=0.001, max_depth=11, n_estimators=140; total time=  34.8s
[CV] END learning_rate=0.001, max_depth=11, n_estimators=110; total time=  26.0s
[CV] END learning_rate=0.001, max_depth=15, n_estimators=120; total time= 1.0min
[CV] END learning_rate=0.001, max_depth=15, n_estimators=140; total time= 1.2min
[CV] END learning_rate=0.001, max_depth=15, n_estimators=110; total time=  52.3s
[CV] END learning_rate=0.001, max_depth=15, n_estimators=110; total time= 1.7min
[CV] END learning_rate=0.001, max_depth=13, n_estimators=130; total time= 1.4min
[CV] END learning_rate=0.001, max_depth=13, n_estimators=110; total time= 1.2min
[CV] END learning_rate=0.001, max_depth=13, n_estimators=110; total time= 1.2min
[CV] END learning_rate=0.001, max_depth=14, n_estimators=120; total time= 1.5min
[CV] END learning_rate=0.001, max_depth=14, n_estimators=140; total time= 1.8min
[CV] END learning_rate=0.001, max_depth=14, n_estimators=110; total time= 1.4min
[CV] END learning_rate=0.002, max_depth=11, n_estimators=120; total time=  50.8s
[CV] END learning_rate=0.002, max_depth=11, n_estimators=130; total time=  57.8s
[CV] END learning_rate=0.002, max_depth=11, n_estimators=140; total time=  59.9s
[CV] END learning_rate=0.002, max_depth=15, n_estimators=120; total time= 2.1min
[CV] END learning_rate=0.002, max_depth=15, n_estimators=130; total time= 1.4min
[CV] END learning_rate=0.002, max_depth=15, n_estimators=140; total time= 1.2min
[CV] END learning_rate=0.002, max_depth=15, n_estimators=110; total time=  53.3s
[CV] END learning_rate=0.002, max_depth=13, n_estimators=120; total time=  43.9s
[CV] END learning_rate=0.002, max_depth=13, n_estimators=130; total time=  43.8s
[CV] END learning_rate=0.002, max_depth=13, n_estimators=140; total time=  49.9s
[CV] END learning_rate=0.002, max_depth=14, n_estimators=120; total time=  51.7s
[CV] END learning_rate=0.002, max_depth=14, n_estimators=130; total time= 1.2min
[CV] END learning_rate=0.002, max_depth=14, n_estimators=140; total time= 1.3min
[CV] END .learning_rate=0.05, max_depth=11, n_estimators=120; total time=  34.3s
[CV] END .learning_rate=0.05, max_depth=11, n_estimators=130; total time=  31.7s
[CV] END .learning_rate=0.05, max_depth=11, n_estimators=140; total time=  33.4s
[CV] END .learning_rate=0.05, max_depth=15, n_estimators=120; total time= 1.4min
[CV] END .learning_rate=0.05, max_depth=15, n_estimators=130; total time= 1.3min
[CV] END .learning_rate=0.05, max_depth=15, n_estimators=110; total time= 1.1min
[CV] END .learning_rate=0.05, max_depth=15, n_estimators=110; total time= 1.2min
[CV] END .learning_rate=0.05, max_depth=13, n_estimators=130; total time=  46.5s
[CV] END .learning_rate=0.05, max_depth=13, n_estimators=110; total time=  39.7s
[CV] END .learning_rate=0.05, max_depth=14, n_estimators=120; total time=  55.9s
[CV] END .learning_rate=0.05, max_depth=14, n_estimators=130; total time=  57.8s
[CV] END .learning_rate=0.05, max_depth=14, n_estimators=140; total time= 1.1min
[CV] END .learning_rate=0.05, max_depth=14, n_estimators=110; total time=  50.4s
[CV] END .learning_rate=0.06, max_depth=11, n_estimators=130; total time=  30.6s
[CV] END .learning_rate=0.06, max_depth=11, n_estimators=140; total time=  26.0s
[CV] END .learning_rate=0.06, max_depth=15, n_estimators=120; total time= 1.1min
[CV] END .learning_rate=0.06, max_depth=15, n_estimators=130; total time= 1.3min
[CV] END .learning_rate=0.06, max_depth=15, n_estimators=140; total time= 1.3min
[CV] END .learning_rate=0.06, max_depth=15, n_estimators=110; total time= 1.1min
[CV] END .learning_rate=0.06, max_depth=13, n_estimators=130; total time=  38.6s
[CV] END .learning_rate=0.06, max_depth=13, n_estimators=140; total time=  50.9s
[CV] END .learning_rate=0.06, max_depth=13, n_estimators=110; total time=  36.7s
[CV] END .learning_rate=0.06, max_depth=14, n_estimators=130; total time=  59.5s
[CV] END .learning_rate=0.06, max_depth=14, n_estimators=140; total time= 1.1min
[CV] END .learning_rate=0.06, max_depth=14, n_estimators=110; total time=  45.3s
[CV] END learning_rate=0.001, max_depth=11, n_estimators=120; total time=  30.5s
[CV] END learning_rate=0.001, max_depth=11, n_estimators=130; total time=  30.3s
[CV] END learning_rate=0.001, max_depth=11, n_estimators=110; total time=  25.4s
[CV] END learning_rate=0.001, max_depth=15, n_estimators=120; total time= 1.1min
[CV] END learning_rate=0.001, max_depth=15, n_estimators=130; total time= 1.1min
[CV] END learning_rate=0.001, max_depth=15, n_estimators=140; total time= 1.3min
[CV] END learning_rate=0.001, max_depth=13, n_estimators=120; total time= 1.3min
[CV] END learning_rate=0.001, max_depth=13, n_estimators=120; total time= 1.3min
[CV] END learning_rate=0.001, max_depth=13, n_estimators=140; total time= 1.5min
[CV] END learning_rate=0.001, max_depth=13, n_estimators=110; total time= 1.2min
[CV] END learning_rate=0.001, max_depth=14, n_estimators=120; total time= 1.6min
[CV] END learning_rate=0.001, max_depth=14, n_estimators=130; total time= 1.7min
[CV] END learning_rate=0.001, max_depth=14, n_estimators=140; total time= 1.8min
[CV] END learning_rate=0.002, max_depth=11, n_estimators=120; total time=  53.3s
[CV] END learning_rate=0.002, max_depth=11, n_estimators=130; total time=  57.9s
[CV] END learning_rate=0.002, max_depth=11, n_estimators=140; total time=  57.6s
[CV] END learning_rate=0.002, max_depth=15, n_estimators=120; total time= 2.1min
[CV] END learning_rate=0.002, max_depth=15, n_estimators=130; total time= 1.5min
[CV] END learning_rate=0.002, max_depth=15, n_estimators=140; total time= 1.3min
[CV] END learning_rate=0.002, max_depth=15, n_estimators=110; total time= 1.1min
[CV] END learning_rate=0.002, max_depth=13, n_estimators=130; total time=  49.4s
[CV] END learning_rate=0.002, max_depth=13, n_estimators=140; total time=  46.9s
[CV] END learning_rate=0.002, max_depth=13, n_estimators=110; total time=  40.7s
[CV] END learning_rate=0.002, max_depth=14, n_estimators=120; total time=  48.0s
[CV] END learning_rate=0.002, max_depth=14, n_estimators=130; total time=  53.2s
[CV] END learning_rate=0.002, max_depth=14, n_estimators=140; total time=  55.5s
[CV] END learning_rate=0.002, max_depth=14, n_estimators=110; total time=  44.7s
[CV] END .learning_rate=0.05, max_depth=11, n_estimators=130; total time=  40.2s
[CV] END .learning_rate=0.05, max_depth=11, n_estimators=140; total time=  32.9s
[CV] END .learning_rate=0.05, max_depth=11, n_estimators=110; total time=  25.0s
[CV] END .learning_rate=0.05, max_depth=15, n_estimators=120; total time= 1.2min
[CV] END .learning_rate=0.05, max_depth=15, n_estimators=130; total time= 1.3min
[CV] END .learning_rate=0.05, max_depth=15, n_estimators=140; total time= 1.4min
[CV] END .learning_rate=0.05, max_depth=13, n_estimators=120; total time=  42.3s
[CV] END .learning_rate=0.05, max_depth=13, n_estimators=130; total time=  42.4s
[CV] END .learning_rate=0.05, max_depth=13, n_estimators=140; total time=  50.8s
[CV] END .learning_rate=0.05, max_depth=13, n_estimators=110; total time=  36.2s
[CV] END .learning_rate=0.05, max_depth=14, n_estimators=120; total time=  57.1s
[CV] END .learning_rate=0.05, max_depth=14, n_estimators=130; total time= 1.1min
[CV] END .learning_rate=0.05, max_depth=14, n_estimators=110; total time=  47.2s
[CV] END .learning_rate=0.05, max_depth=14, n_estimators=110; total time=  55.7s
[CV] END .learning_rate=0.06, max_depth=11, n_estimators=140; total time=  30.0s
[CV] END .learning_rate=0.06, max_depth=11, n_estimators=110; total time=  22.6s
[CV] END .learning_rate=0.06, max_depth=15, n_estimators=120; total time= 1.2min
[CV] END .learning_rate=0.06, max_depth=15, n_estimators=130; total time= 1.3min
[CV] END .learning_rate=0.06, max_depth=15, n_estimators=110; total time= 1.2min
[CV] END .learning_rate=0.06, max_depth=13, n_estimators=120; total time=  43.7s
[CV] END .learning_rate=0.06, max_depth=13, n_estimators=130; total time=  42.2s
[CV] END .learning_rate=0.06, max_depth=13, n_estimators=140; total time=  52.2s
[CV] END .learning_rate=0.06, max_depth=13, n_estimators=110; total time=  43.9s
[CV] END .learning_rate=0.06, max_depth=14, n_estimators=130; total time= 1.0min
[CV] END .learning_rate=0.06, max_depth=14, n_estimators=140; total time= 1.0min
[CV] END .learning_rate=0.06, max_depth=14, n_estimators=110; total time=  57.6s
[CV] END learning_rate=0.001, max_depth=11, n_estimators=120; total time=  31.0s
[CV] END learning_rate=0.001, max_depth=11, n_estimators=140; total time=  31.3s
[CV] END learning_rate=0.001, max_depth=11, n_estimators=110; total time=  26.7s
[CV] END learning_rate=0.001, max_depth=15, n_estimators=120; total time= 1.1min
[CV] END learning_rate=0.001, max_depth=15, n_estimators=130; total time= 1.2min
[CV] END learning_rate=0.001, max_depth=15, n_estimators=110; total time=  58.8s
[CV] END learning_rate=0.001, max_depth=13, n_estimators=120; total time= 1.3min
[CV] END learning_rate=0.001, max_depth=13, n_estimators=130; total time= 1.4min
[CV] END learning_rate=0.001, max_depth=13, n_estimators=140; total time= 1.5min
[CV] END learning_rate=0.001, max_depth=13, n_estimators=110; total time= 1.2min
[CV] END learning_rate=0.001, max_depth=14, n_estimators=120; total time= 1.5min
[CV] END learning_rate=0.001, max_depth=14, n_estimators=130; total time= 1.6min
[CV] END learning_rate=0.001, max_depth=14, n_estimators=110; total time= 1.4min
[CV] END learning_rate=0.002, max_depth=11, n_estimators=120; total time=  51.9s
[CV] END learning_rate=0.002, max_depth=11, n_estimators=120; total time=  52.5s
[CV] END learning_rate=0.002, max_depth=11, n_estimators=140; total time= 1.0min
[CV] END learning_rate=0.002, max_depth=11, n_estimators=110; total time=  50.1s
[CV] END learning_rate=0.002, max_depth=15, n_estimators=120; total time= 2.1min
[CV] END learning_rate=0.002, max_depth=15, n_estimators=130; total time= 1.2min
[CV] END learning_rate=0.002, max_depth=15, n_estimators=140; total time= 1.4min
[CV] END learning_rate=0.002, max_depth=13, n_estimators=120; total time=  55.6s
[CV] END learning_rate=0.002, max_depth=13, n_estimators=130; total time=  59.3s
[CV] END learning_rate=0.002, max_depth=13, n_estimators=110; total time=  44.1s
[CV] END learning_rate=0.002, max_depth=14, n_estimators=120; total time=  57.3s
[CV] END learning_rate=0.002, max_depth=14, n_estimators=130; total time= 1.2min
[CV] END learning_rate=0.002, max_depth=14, n_estimators=140; total time=  57.3s
[CV] END learning_rate=0.002, max_depth=14, n_estimators=110; total time=  43.3s
[CV] END .learning_rate=0.05, max_depth=11, n_estimators=120; total time=  38.4s
[CV] END .learning_rate=0.05, max_depth=11, n_estimators=140; total time=  35.1s
[CV] END .learning_rate=0.05, max_depth=11, n_estimators=110; total time=  24.2s
[CV] END .learning_rate=0.05, max_depth=15, n_estimators=120; total time= 1.3min
[CV] END .learning_rate=0.05, max_depth=15, n_estimators=130; total time= 1.3min
[CV] END .learning_rate=0.05, max_depth=15, n_estimators=140; total time= 1.3min
[CV] END .learning_rate=0.05, max_depth=13, n_estimators=120; total time=  42.4s
[CV] END .learning_rate=0.05, max_depth=13, n_estimators=120; total time=  43.2s
[CV] END .learning_rate=0.05, max_depth=13, n_estimators=140; total time=  48.3s
[CV] END .learning_rate=0.05, max_depth=13, n_estimators=110; total time=  43.4s
[CV] END .learning_rate=0.05, max_depth=14, n_estimators=120; total time=  56.8s
[CV] END .learning_rate=0.05, max_depth=14, n_estimators=140; total time=  58.5s
[CV] END .learning_rate=0.05, max_depth=14, n_estimators=140; total time=  58.3s
[CV] END .learning_rate=0.06, max_depth=11, n_estimators=120; total time=  27.4s
[CV] END .learning_rate=0.06, max_depth=11, n_estimators=130; total time=  26.9s
[CV] END .learning_rate=0.06, max_depth=11, n_estimators=140; total time=  28.6s
[CV] END .learning_rate=0.06, max_depth=11, n_estimators=110; total time=  21.8s
[CV] END .learning_rate=0.06, max_depth=15, n_estimators=120; total time= 1.1min
[CV] END .learning_rate=0.06, max_depth=15, n_estimators=130; total time= 1.3min
[CV] END .learning_rate=0.06, max_depth=15, n_estimators=140; total time= 1.3min
[CV] END .learning_rate=0.06, max_depth=13, n_estimators=120; total time=  38.2s
[CV] END .learning_rate=0.06, max_depth=13, n_estimators=120; total time=  40.3s
[CV] END .learning_rate=0.06, max_depth=13, n_estimators=140; total time=  51.4s
[CV] END .learning_rate=0.06, max_depth=13, n_estimators=110; total time=  44.9s
[CV] END .learning_rate=0.06, max_depth=14, n_estimators=120; total time=  55.6s
[CV] END .learning_rate=0.06, max_depth=14, n_estimators=130; total time= 1.0min
[CV] END .learning_rate=0.06, max_depth=14, n_estimators=110; total time=  53.0s
[CV] END learning_rate=0.001, max_depth=11, n_estimators=120; total time=  28.8s
[CV] END learning_rate=0.001, max_depth=11, n_estimators=130; total time=  29.3s
[CV] END learning_rate=0.001, max_depth=11, n_estimators=140; total time=  33.2s
[CV] END learning_rate=0.001, max_depth=11, n_estimators=110; total time=  27.7s
[CV] END learning_rate=0.001, max_depth=15, n_estimators=130; total time= 1.1min
[CV] END learning_rate=0.001, max_depth=15, n_estimators=140; total time= 1.1min
[CV] END learning_rate=0.001, max_depth=15, n_estimators=110; total time= 1.1min
[CV] END learning_rate=0.001, max_depth=13, n_estimators=120; total time= 1.3min
[CV] END learning_rate=0.001, max_depth=13, n_estimators=130; total time= 1.4min
[CV] END learning_rate=0.001, max_depth=13, n_estimators=140; total time= 1.5min
[CV] END learning_rate=0.001, max_depth=14, n_estimators=120; total time= 1.5min
[CV] END learning_rate=0.001, max_depth=14, n_estimators=130; total time= 1.7min
[CV] END learning_rate=0.001, max_depth=14, n_estimators=140; total time= 1.8min
[CV] END learning_rate=0.001, max_depth=14, n_estimators=110; total time= 1.4min
[CV] END learning_rate=0.002, max_depth=11, n_estimators=130; total time=  58.2s
[CV] END learning_rate=0.002, max_depth=11, n_estimators=140; total time=  59.9s
[CV] END learning_rate=0.002, max_depth=11, n_estimators=110; total time=  52.0s
[CV] END learning_rate=0.002, max_depth=15, n_estimators=120; total time= 2.0min
[CV] END learning_rate=0.002, max_depth=15, n_estimators=140; total time= 1.6min
[CV] END learning_rate=0.002, max_depth=15, n_estimators=110; total time=  52.3s
[CV] END learning_rate=0.002, max_depth=13, n_estimators=120; total time=  39.8s
[CV] END learning_rate=0.002, max_depth=13, n_estimators=130; total time=  49.4s
[CV] END learning_rate=0.002, max_depth=13, n_estimators=140; total time=  53.2s
[CV] END learning_rate=0.002, max_depth=13, n_estimators=110; total time=  49.9s
[CV] END learning_rate=0.002, max_depth=14, n_estimators=120; total time=  48.6s
[CV] END learning_rate=0.002, max_depth=14, n_estimators=130; total time=  53.2s
[CV] END learning_rate=0.002, max_depth=14, n_estimators=110; total time=  54.4s
[CV] END learning_rate=0.002, max_depth=14, n_estimators=110; total time=  44.6s
[CV] END .learning_rate=0.05, max_depth=11, n_estimators=120; total time=  39.4s
[CV] END .learning_rate=0.05, max_depth=11, n_estimators=140; total time=  33.4s
[CV] END .learning_rate=0.05, max_depth=11, n_estimators=110; total time=  24.4s
[CV] END .learning_rate=0.05, max_depth=15, n_estimators=120; total time= 1.3min
[CV] END .learning_rate=0.05, max_depth=15, n_estimators=130; total time= 1.2min
[CV] END .learning_rate=0.05, max_depth=15, n_estimators=140; total time= 1.4min
[CV] END .learning_rate=0.05, max_depth=13, n_estimators=120; total time=  45.6s
[CV] END .learning_rate=0.05, max_depth=13, n_estimators=130; total time=  45.6s
[CV] END .learning_rate=0.05, max_depth=13, n_estimators=140; total time=  47.1s
[CV] END .learning_rate=0.05, max_depth=13, n_estimators=110; total time=  36.8s
[CV] END .learning_rate=0.05, max_depth=14, n_estimators=120; total time= 1.0min
[CV] END .learning_rate=0.05, max_depth=14, n_estimators=140; total time= 1.0min
[CV] END .learning_rate=0.05, max_depth=14, n_estimators=110; total time=  52.5s
[CV] END .learning_rate=0.06, max_depth=11, n_estimators=120; total time=  23.2s
[CV] END .learning_rate=0.06, max_depth=11, n_estimators=120; total time=  26.8s
[CV] END .learning_rate=0.06, max_depth=11, n_estimators=130; total time=  24.8s
[CV] END .learning_rate=0.06, max_depth=11, n_estimators=110; total time=  22.9s
[CV] END .learning_rate=0.06, max_depth=15, n_estimators=120; total time= 1.3min
[CV] END .learning_rate=0.06, max_depth=15, n_estimators=130; total time= 1.4min
[CV] END .learning_rate=0.06, max_depth=15, n_estimators=110; total time= 1.0min
[CV] END .learning_rate=0.06, max_depth=13, n_estimators=120; total time=  43.3s
[CV] END .learning_rate=0.06, max_depth=13, n_estimators=130; total time=  41.3s
[CV] END .learning_rate=0.06, max_depth=13, n_estimators=140; total time=  49.7s
[CV] END .learning_rate=0.06, max_depth=13, n_estimators=110; total time=  37.8s
[CV] END .learning_rate=0.06, max_depth=14, n_estimators=120; total time=  52.5s
[CV] END .learning_rate=0.06, max_depth=14, n_estimators=130; total time=  56.3s
[CV] END .learning_rate=0.06, max_depth=14, n_estimators=140; total time=  53.2s
[CV] END learning_rate=0.001, max_depth=11, n_estimators=120; total time=  28.6s
[CV] END learning_rate=0.001, max_depth=11, n_estimators=120; total time=  26.8s
[CV] END learning_rate=0.001, max_depth=11, n_estimators=130; total time=  33.2s
[CV] END learning_rate=0.001, max_depth=11, n_estimators=110; total time=  28.6s
[CV] END learning_rate=0.001, max_depth=15, n_estimators=120; total time=  53.9s
[CV] END learning_rate=0.001, max_depth=15, n_estimators=130; total time= 1.1min
[CV] END learning_rate=0.001, max_depth=15, n_estimators=140; total time= 1.1min
[CV] END learning_rate=0.001, max_depth=15, n_estimators=110; total time= 1.5min
[CV] END learning_rate=0.001, max_depth=13, n_estimators=130; total time= 1.4min
[CV] END learning_rate=0.001, max_depth=13, n_estimators=140; total time= 1.5min
[CV] END learning_rate=0.001, max_depth=13, n_estimators=110; total time= 1.2min
[CV] END learning_rate=0.001, max_depth=14, n_estimators=120; total time= 1.5min
[CV] END learning_rate=0.001, max_depth=14, n_estimators=130; total time= 1.7min
[CV] END learning_rate=0.001, max_depth=14, n_estimators=110; total time= 1.4min
[CV] END learning_rate=0.002, max_depth=11, n_estimators=120; total time=  54.0s
[CV] END learning_rate=0.002, max_depth=11, n_estimators=130; total time=  56.3s
[CV] END learning_rate=0.002, max_depth=11, n_estimators=140; total time= 1.0min
[CV] END learning_rate=0.002, max_depth=11, n_estimators=110; total time=  50.2s
[CV] END learning_rate=0.002, max_depth=15, n_estimators=120; total time= 2.0min
[CV] END learning_rate=0.002, max_depth=15, n_estimators=140; total time= 1.6min
[CV] END learning_rate=0.002, max_depth=15, n_estimators=110; total time= 1.2min
[CV] END learning_rate=0.002, max_depth=13, n_estimators=120; total time=  43.1s
[CV] END learning_rate=0.002, max_depth=13, n_estimators=130; total time=  59.1s
[CV] END learning_rate=0.002, max_depth=13, n_estimators=110; total time=  46.1s
[CV] END learning_rate=0.002, max_depth=14, n_estimators=120; total time=  54.6s
[CV] END learning_rate=0.002, max_depth=14, n_estimators=130; total time= 1.0min
[CV] END learning_rate=0.002, max_depth=14, n_estimators=140; total time= 1.1min
[CV] END learning_rate=0.002, max_depth=14, n_estimators=110; total time=  42.6s
[CV] END .learning_rate=0.05, max_depth=11, n_estimators=120; total time=  33.2s
[CV] END .learning_rate=0.05, max_depth=11, n_estimators=130; total time=  31.9s
[CV] END .learning_rate=0.05, max_depth=11, n_estimators=140; total time=  31.9s
[CV] END .learning_rate=0.05, max_depth=15, n_estimators=120; total time= 1.2min
[CV] END .learning_rate=0.05, max_depth=15, n_estimators=130; total time= 1.2min
[CV] END .learning_rate=0.05, max_depth=15, n_estimators=140; total time= 1.4min
[CV] END .learning_rate=0.05, max_depth=15, n_estimators=110; total time= 1.2min
[CV] END .learning_rate=0.05, max_depth=13, n_estimators=130; total time=  50.4s
[CV] END .learning_rate=0.05, max_depth=13, n_estimators=110; total time=  36.8s
[CV] END .learning_rate=0.05, max_depth=14, n_estimators=120; total time=  55.6s
[CV] END .learning_rate=0.05, max_depth=14, n_estimators=130; total time=  55.8s
[CV] END .learning_rate=0.05, max_depth=14, n_estimators=140; total time= 1.1min
[CV] END .learning_rate=0.05, max_depth=14, n_estimators=110; total time=  50.3s
[CV] END .learning_rate=0.06, max_depth=11, n_estimators=130; total time=  27.0s
[CV] END .learning_rate=0.06, max_depth=11, n_estimators=140; total time=  30.3s
[CV] END .learning_rate=0.06, max_depth=11, n_estimators=110; total time=  23.1s
[CV] END .learning_rate=0.06, max_depth=15, n_estimators=130; total time= 1.3min
[CV] END .learning_rate=0.06, max_depth=15, n_estimators=140; total time= 1.4min
[CV] END .learning_rate=0.06, max_depth=15, n_estimators=110; total time= 1.2min
[CV] END .learning_rate=0.06, max_depth=13, n_estimators=120; total time=  40.4s
[CV] END .learning_rate=0.06, max_depth=13, n_estimators=130; total time=  42.7s
[CV] END .learning_rate=0.06, max_depth=13, n_estimators=110; total time=  36.3s
[CV] END .learning_rate=0.06, max_depth=14, n_estimators=120; total time=  56.7s
[CV] END .learning_rate=0.06, max_depth=14, n_estimators=130; total time=  51.7s
[CV] END .learning_rate=0.06, max_depth=14, n_estimators=140; total time= 1.0min
[CV] END .learning_rate=0.06, max_depth=14, n_estimators=110; total time=  47.7s
[CV] END learning_rate=0.001, max_depth=11, n_estimators=120; total time=  31.5s
[CV] END learning_rate=0.001, max_depth=11, n_estimators=140; total time=  38.7s
[CV] END learning_rate=0.001, max_depth=11, n_estimators=110; total time=  23.5s
[CV] END learning_rate=0.001, max_depth=15, n_estimators=120; total time= 1.0min
[CV] END learning_rate=0.001, max_depth=15, n_estimators=130; total time= 1.1min
[CV] END learning_rate=0.001, max_depth=15, n_estimators=110; total time= 1.0min
[CV] END learning_rate=0.001, max_depth=15, n_estimators=110; total time= 1.6min
[CV] END learning_rate=0.001, max_depth=13, n_estimators=130; total time= 1.4min
[CV] END learning_rate=0.001, max_depth=13, n_estimators=140; total time= 1.5min
[CV] END learning_rate=0.001, max_depth=14, n_estimators=120; total time= 1.5min
[CV] END learning_rate=0.001, max_depth=14, n_estimators=130; total time= 1.7min
[CV] END learning_rate=0.001, max_depth=14, n_estimators=140; total time= 1.8min
[CV] END learning_rate=0.001, max_depth=14, n_estimators=110; total time= 1.4min
[CV] END learning_rate=0.002, max_depth=11, n_estimators=130; total time=  56.6s
[CV] END learning_rate=0.002, max_depth=11, n_estimators=140; total time= 1.0min
[CV] END learning_rate=0.002, max_depth=11, n_estimators=110; total time=  50.7s
[CV] END learning_rate=0.002, max_depth=15, n_estimators=120; total time= 2.1min
[CV] END learning_rate=0.002, max_depth=15, n_estimators=130; total time= 1.1min
[CV] END learning_rate=0.002, max_depth=15, n_estimators=140; total time= 1.3min
[CV] END learning_rate=0.002, max_depth=13, n_estimators=120; total time=  39.7s
[CV] END learning_rate=0.002, max_depth=13, n_estimators=120; total time=  50.7s
[CV] END learning_rate=0.002, max_depth=13, n_estimators=140; total time=  46.6s
[CV] END learning_rate=0.002, max_depth=13, n_estimators=110; total time=  48.9s
[CV] END learning_rate=0.002, max_depth=14, n_estimators=120; total time=  56.3s
[CV] END learning_rate=0.002, max_depth=14, n_estimators=130; total time=  51.5s
[CV] END learning_rate=0.002, max_depth=14, n_estimators=140; total time= 1.3min
