Started Time 2024-03-28 21:16:10.709587
Fitting 5 folds for each of 64 candidates, totalling 320 fits
Best Parameters: {'learning_rate': 0.05, 'max_depth': 13, 'n_estimators': 140}
Best Negative MAE: -38150.426690818196
Cross-Validation Results (Negative MAE): [-38536.45816126 -38239.57113128 -38304.83743767 -37862.73770537
 -37808.52901851]
Mean Cross-Validation MAE: 38150.426690818196
R-squared scores for each fold: [0.9501347  0.95029594 0.95055967 0.95142295 0.95248022]
Mean R-squared score: 0.9509786943033041
Time taken: 1351.1686751842499 seconds
[CV] END .learning_rate=0.05, max_depth=11, n_estimators=120; total time=  29.3s
[CV] END .learning_rate=0.05, max_depth=11, n_estimators=140; total time=  30.5s
[CV] END .learning_rate=0.05, max_depth=15, n_estimators=130; total time= 1.5min
[CV] END .learning_rate=0.05, max_depth=15, n_estimators=110; total time= 1.3min
[CV] END .learning_rate=0.05, max_depth=13, n_estimators=110; total time=  34.7s
[CV] END .learning_rate=0.05, max_depth=14, n_estimators=130; total time=  58.7s
[CV] END .learning_rate=0.05, max_depth=14, n_estimators=110; total time=  47.1s
[CV] END .learning_rate=0.06, max_depth=11, n_estimators=140; total time=  28.9s
[CV] END .learning_rate=0.06, max_depth=15, n_estimators=130; total time= 1.3min
[CV] END .learning_rate=0.06, max_depth=15, n_estimators=110; total time= 1.1min
[CV] END .learning_rate=0.06, max_depth=13, n_estimators=140; total time=  41.1s
[CV] END .learning_rate=0.06, max_depth=14, n_estimators=120; total time=  51.6s
[CV] END .learning_rate=0.06, max_depth=14, n_estimators=110; total time=  47.7s
[CV] END learning_rate=0.001, max_depth=11, n_estimators=130; total time=  26.9s
[CV] END learning_rate=0.001, max_depth=11, n_estimators=110; total time=  22.1s
[CV] END learning_rate=0.001, max_depth=15, n_estimators=130; total time= 1.2min
[CV] END learning_rate=0.001, max_depth=13, n_estimators=120; total time=  38.1s
[CV] END learning_rate=0.001, max_depth=13, n_estimators=130; total time=  39.5s
[CV] END learning_rate=0.001, max_depth=13, n_estimators=110; total time=  33.6s
[CV] END learning_rate=0.001, max_depth=14, n_estimators=140; total time=  52.2s
[CV] END learning_rate=0.002, max_depth=11, n_estimators=120; total time=  30.6s
[CV] END learning_rate=0.002, max_depth=11, n_estimators=110; total time=  22.1s
[CV] END learning_rate=0.002, max_depth=15, n_estimators=120; total time= 1.0min
[CV] END learning_rate=0.002, max_depth=15, n_estimators=110; total time=  50.6s
[CV] END learning_rate=0.002, max_depth=13, n_estimators=120; total time=  39.9s
[CV] END learning_rate=0.002, max_depth=13, n_estimators=110; total time=  35.6s
[CV] END learning_rate=0.002, max_depth=14, n_estimators=130; total time=  56.8s
[CV] END .learning_rate=0.05, max_depth=11, n_estimators=120; total time=  27.0s
[CV] END .learning_rate=0.05, max_depth=11, n_estimators=140; total time=  35.2s
[CV] END .learning_rate=0.05, max_depth=15, n_estimators=140; total time= 1.5min
[CV] END .learning_rate=0.05, max_depth=13, n_estimators=120; total time=  42.2s
[CV] END .learning_rate=0.05, max_depth=13, n_estimators=120; total time=  36.8s
[CV] END .learning_rate=0.05, max_depth=13, n_estimators=110; total time=  41.1s
[CV] END .learning_rate=0.05, max_depth=14, n_estimators=130; total time= 1.1min
[CV] END .learning_rate=0.06, max_depth=11, n_estimators=120; total time=  26.4s
[CV] END .learning_rate=0.06, max_depth=11, n_estimators=130; total time=  26.8s
[CV] END .learning_rate=0.06, max_depth=15, n_estimators=120; total time= 1.2min
[CV] END .learning_rate=0.06, max_depth=15, n_estimators=110; total time= 1.1min
[CV] END .learning_rate=0.06, max_depth=13, n_estimators=130; total time=  45.4s
[CV] END .learning_rate=0.06, max_depth=14, n_estimators=120; total time=  52.8s
[CV] END .learning_rate=0.06, max_depth=14, n_estimators=140; total time=  52.3s
[CV] END learning_rate=0.001, max_depth=11, n_estimators=130; total time=  28.7s
[CV] END learning_rate=0.001, max_depth=11, n_estimators=110; total time=  24.9s
[CV] END learning_rate=0.001, max_depth=15, n_estimators=140; total time= 1.1min
[CV] END learning_rate=0.001, max_depth=13, n_estimators=120; total time=  38.6s
[CV] END learning_rate=0.001, max_depth=13, n_estimators=130; total time=  46.5s
[CV] END learning_rate=0.001, max_depth=14, n_estimators=120; total time=  49.8s
[CV] END learning_rate=0.001, max_depth=14, n_estimators=140; total time=  54.5s
[CV] END learning_rate=0.002, max_depth=11, n_estimators=140; total time=  32.8s
[CV] END learning_rate=0.002, max_depth=15, n_estimators=130; total time= 1.1min
[CV] END learning_rate=0.002, max_depth=13, n_estimators=120; total time=  45.9s
[CV] END learning_rate=0.002, max_depth=13, n_estimators=130; total time=  44.1s
[CV] END learning_rate=0.002, max_depth=13, n_estimators=110; total time=  35.3s
[CV] END learning_rate=0.002, max_depth=14, n_estimators=130; total time=  48.4s
[CV] END .learning_rate=0.05, max_depth=11, n_estimators=140; total time=  30.8s
[CV] END .learning_rate=0.05, max_depth=11, n_estimators=110; total time=  27.9s
[CV] END .learning_rate=0.05, max_depth=15, n_estimators=130; total time= 1.6min
[CV] END .learning_rate=0.05, max_depth=13, n_estimators=120; total time=  47.9s
[CV] END .learning_rate=0.05, max_depth=13, n_estimators=130; total time=  44.8s
[CV] END .learning_rate=0.05, max_depth=13, n_estimators=110; total time=  35.0s
[CV] END .learning_rate=0.05, max_depth=14, n_estimators=130; total time=  56.2s
[CV] END .learning_rate=0.06, max_depth=11, n_estimators=120; total time=  23.4s
[CV] END .learning_rate=0.06, max_depth=11, n_estimators=130; total time=  24.5s
[CV] END .learning_rate=0.06, max_depth=11, n_estimators=110; total time=  21.6s
[CV] END .learning_rate=0.06, max_depth=15, n_estimators=140; total time= 1.2min
[CV] END .learning_rate=0.06, max_depth=13, n_estimators=120; total time=  37.4s
[CV] END .learning_rate=0.06, max_depth=13, n_estimators=130; total time=  38.7s
[CV] END .learning_rate=0.06, max_depth=13, n_estimators=110; total time=  32.4s
[CV] END .learning_rate=0.06, max_depth=14, n_estimators=130; total time=  53.6s
[CV] END .learning_rate=0.06, max_depth=14, n_estimators=110; total time=  49.1s
[CV] END learning_rate=0.001, max_depth=11, n_estimators=140; total time=  33.6s
[CV] END learning_rate=0.001, max_depth=15, n_estimators=130; total time= 1.0min
[CV] END learning_rate=0.001, max_depth=15, n_estimators=110; total time=  55.1s
[CV] END learning_rate=0.001, max_depth=13, n_estimators=110; total time=  32.8s
[CV] END learning_rate=0.001, max_depth=13, n_estimators=110; total time=  34.9s
[CV] END learning_rate=0.001, max_depth=14, n_estimators=140; total time=  54.4s
[CV] END learning_rate=0.002, max_depth=11, n_estimators=120; total time=  25.2s
[CV] END learning_rate=0.002, max_depth=11, n_estimators=140; total time=  32.1s
[CV] END learning_rate=0.002, max_depth=15, n_estimators=130; total time= 1.0min
[CV] END learning_rate=0.002, max_depth=15, n_estimators=110; total time=  53.2s
[CV] END learning_rate=0.002, max_depth=13, n_estimators=130; total time=  42.2s
[CV] END learning_rate=0.002, max_depth=13, n_estimators=110; total time=  34.4s
[CV] END learning_rate=0.002, max_depth=14, n_estimators=140; total time=  54.0s
[CV] END .learning_rate=0.05, max_depth=11, n_estimators=120; total time=  33.6s
[CV] END .learning_rate=0.05, max_depth=15, n_estimators=120; total time= 1.4min
[CV] END .learning_rate=0.05, max_depth=15, n_estimators=140; total time= 1.5min
[CV] END .learning_rate=0.05, max_depth=13, n_estimators=140; total time=  45.5s
[CV] END .learning_rate=0.05, max_depth=14, n_estimators=120; total time=  53.6s
[CV] END .learning_rate=0.05, max_depth=14, n_estimators=140; total time= 1.0min
[CV] END .learning_rate=0.06, max_depth=11, n_estimators=140; total time=  28.8s
[CV] END .learning_rate=0.06, max_depth=15, n_estimators=130; total time= 1.2min
[CV] END .learning_rate=0.06, max_depth=15, n_estimators=110; total time= 1.1min
[CV] END .learning_rate=0.06, max_depth=13, n_estimators=140; total time=  46.1s
[CV] END .learning_rate=0.06, max_depth=14, n_estimators=120; total time=  48.0s
[CV] END .learning_rate=0.06, max_depth=14, n_estimators=110; total time=  50.7s
[CV] END learning_rate=0.001, max_depth=11, n_estimators=130; total time=  28.7s
[CV] END learning_rate=0.001, max_depth=11, n_estimators=110; total time=  24.6s
[CV] END learning_rate=0.001, max_depth=15, n_estimators=140; total time= 1.1min
[CV] END learning_rate=0.001, max_depth=13, n_estimators=120; total time=  43.8s
[CV] END learning_rate=0.001, max_depth=13, n_estimators=140; total time=  43.3s
[CV] END learning_rate=0.001, max_depth=14, n_estimators=130; total time=  55.0s
[CV] END learning_rate=0.001, max_depth=14, n_estimators=110; total time=  48.8s
[CV] END learning_rate=0.002, max_depth=11, n_estimators=140; total time=  29.9s
[CV] END learning_rate=0.002, max_depth=15, n_estimators=130; total time= 1.0min
[CV] END learning_rate=0.002, max_depth=15, n_estimators=110; total time=  52.7s
[CV] END learning_rate=0.002, max_depth=13, n_estimators=130; total time=  47.4s
[CV] END learning_rate=0.002, max_depth=13, n_estimators=110; total time=  38.4s
[CV] END learning_rate=0.002, max_depth=14, n_estimators=140; total time=  56.5s
[CV] END .learning_rate=0.05, max_depth=11, n_estimators=130; total time=  30.8s
[CV] END .learning_rate=0.05, max_depth=11, n_estimators=110; total time=  25.6s
[CV] END .learning_rate=0.05, max_depth=15, n_estimators=120; total time= 1.3min
[CV] END .learning_rate=0.05, max_depth=15, n_estimators=110; total time= 1.2min
[CV] END .learning_rate=0.05, max_depth=13, n_estimators=130; total time=  44.9s
[CV] END .learning_rate=0.05, max_depth=14, n_estimators=120; total time=  58.0s
[CV] END .learning_rate=0.05, max_depth=14, n_estimators=110; total time=  47.8s
[CV] END .learning_rate=0.06, max_depth=11, n_estimators=120; total time=  22.8s
[CV] END .learning_rate=0.06, max_depth=11, n_estimators=110; total time=  24.1s
[CV] END .learning_rate=0.06, max_depth=15, n_estimators=130; total time= 1.2min
[CV] END .learning_rate=0.06, max_depth=15, n_estimators=110; total time= 1.1min
[CV] END .learning_rate=0.06, max_depth=13, n_estimators=110; total time=  41.1s
[CV] END .learning_rate=0.06, max_depth=14, n_estimators=130; total time=  56.2s
[CV] END .learning_rate=0.06, max_depth=14, n_estimators=110; total time=  48.8s
[CV] END learning_rate=0.001, max_depth=11, n_estimators=140; total time=  30.0s
[CV] END learning_rate=0.001, max_depth=15, n_estimators=120; total time= 1.0min
[CV] END learning_rate=0.001, max_depth=15, n_estimators=110; total time=  54.7s
[CV] END learning_rate=0.001, max_depth=13, n_estimators=140; total time=  46.2s
[CV] END learning_rate=0.001, max_depth=14, n_estimators=130; total time=  55.7s
[CV] END learning_rate=0.001, max_depth=14, n_estimators=110; total time=  43.5s
[CV] END learning_rate=0.002, max_depth=11, n_estimators=140; total time=  30.8s
[CV] END learning_rate=0.002, max_depth=15, n_estimators=120; total time= 1.1min
[CV] END learning_rate=0.002, max_depth=15, n_estimators=110; total time=  54.2s
[CV] END learning_rate=0.002, max_depth=13, n_estimators=130; total time=  47.5s
[CV] END learning_rate=0.002, max_depth=14, n_estimators=120; total time=  50.5s
[CV] END learning_rate=0.002, max_depth=14, n_estimators=110; total time=  42.1s
[CV] END .learning_rate=0.05, max_depth=11, n_estimators=120; total time=  31.1s
[CV] END .learning_rate=0.05, max_depth=11, n_estimators=110; total time=  31.0s
[CV] END .learning_rate=0.05, max_depth=15, n_estimators=130; total time= 1.5min
[CV] END .learning_rate=0.05, max_depth=13, n_estimators=120; total time=  46.3s
[CV] END .learning_rate=0.05, max_depth=13, n_estimators=130; total time=  42.0s
[CV] END .learning_rate=0.05, max_depth=13, n_estimators=110; total time=  40.9s
[CV] END .learning_rate=0.05, max_depth=14, n_estimators=140; total time=  55.6s
[CV] END .learning_rate=0.06, max_depth=11, n_estimators=120; total time=  24.9s
[CV] END .learning_rate=0.06, max_depth=11, n_estimators=130; total time=  23.8s
[CV] END .learning_rate=0.06, max_depth=11, n_estimators=110; total time=  25.2s
[CV] END .learning_rate=0.06, max_depth=15, n_estimators=140; total time= 1.3min
[CV] END .learning_rate=0.06, max_depth=13, n_estimators=120; total time=  39.7s
[CV] END .learning_rate=0.06, max_depth=13, n_estimators=130; total time=  40.2s
[CV] END .learning_rate=0.06, max_depth=13, n_estimators=110; total time=  39.1s
[CV] END .learning_rate=0.06, max_depth=14, n_estimators=140; total time= 1.0min
[CV] END learning_rate=0.001, max_depth=11, n_estimators=120; total time=  26.1s
[CV] END learning_rate=0.001, max_depth=11, n_estimators=110; total time=  25.2s
[CV] END learning_rate=0.001, max_depth=15, n_estimators=130; total time= 1.2min
[CV] END learning_rate=0.001, max_depth=13, n_estimators=120; total time=  44.6s
[CV] END learning_rate=0.001, max_depth=13, n_estimators=140; total time=  45.0s
[CV] END learning_rate=0.001, max_depth=14, n_estimators=120; total time=  45.2s
[CV] END learning_rate=0.001, max_depth=14, n_estimators=140; total time=  52.4s
[CV] END learning_rate=0.002, max_depth=11, n_estimators=130; total time=  29.7s
[CV] END learning_rate=0.002, max_depth=11, n_estimators=110; total time=  27.2s
[CV] END learning_rate=0.002, max_depth=15, n_estimators=140; total time= 1.1min
[CV] END learning_rate=0.002, max_depth=13, n_estimators=120; total time=  35.8s
[CV] END learning_rate=0.002, max_depth=13, n_estimators=130; total time=  44.5s
[CV] END learning_rate=0.002, max_depth=14, n_estimators=120; total time=  53.3s
[CV] END learning_rate=0.002, max_depth=14, n_estimators=110; total time=  42.2s
[CV] END .learning_rate=0.05, max_depth=11, n_estimators=130; total time=  31.4s
[CV] END .learning_rate=0.05, max_depth=11, n_estimators=110; total time=  28.1s
[CV] END .learning_rate=0.05, max_depth=15, n_estimators=130; total time= 1.4min
[CV] END .learning_rate=0.05, max_depth=15, n_estimators=110; total time= 1.2min
[CV] END .learning_rate=0.05, max_depth=13, n_estimators=140; total time=  44.6s
[CV] END .learning_rate=0.05, max_depth=14, n_estimators=130; total time=  57.1s
[CV] END .learning_rate=0.05, max_depth=14, n_estimators=110; total time=  48.3s
[CV] END .learning_rate=0.06, max_depth=11, n_estimators=110; total time=  22.5s
[CV] END .learning_rate=0.06, max_depth=15, n_estimators=120; total time= 1.2min
[CV] END .learning_rate=0.06, max_depth=15, n_estimators=140; total time= 1.3min
[CV] END .learning_rate=0.06, max_depth=13, n_estimators=140; total time=  47.9s
[CV] END .learning_rate=0.06, max_depth=14, n_estimators=130; total time=  54.3s
[CV] END .learning_rate=0.06, max_depth=14, n_estimators=110; total time=  44.4s
[CV] END learning_rate=0.001, max_depth=11, n_estimators=140; total time=  34.8s
[CV] END learning_rate=0.001, max_depth=15, n_estimators=120; total time=  58.7s
[CV] END learning_rate=0.001, max_depth=15, n_estimators=110; total time=  53.1s
[CV] END learning_rate=0.001, max_depth=13, n_estimators=130; total time=  44.5s
[CV] END learning_rate=0.001, max_depth=14, n_estimators=120; total time=  42.0s
[CV] END learning_rate=0.001, max_depth=14, n_estimators=140; total time= 1.0min
[CV] END learning_rate=0.002, max_depth=11, n_estimators=130; total time=  27.8s
[CV] END learning_rate=0.002, max_depth=11, n_estimators=110; total time=  24.4s
[CV] END learning_rate=0.002, max_depth=15, n_estimators=140; total time= 1.3min
[CV] END learning_rate=0.002, max_depth=13, n_estimators=120; total time=  37.1s
[CV] END learning_rate=0.002, max_depth=13, n_estimators=140; total time=  40.8s
[CV] END learning_rate=0.002, max_depth=14, n_estimators=130; total time=  54.2s
[CV] END learning_rate=0.002, max_depth=14, n_estimators=110; total time=  39.6s
[CV] END .learning_rate=0.05, max_depth=11, n_estimators=130; total time=  33.2s
[CV] END .learning_rate=0.05, max_depth=15, n_estimators=120; total time= 1.5min
[CV] END .learning_rate=0.05, max_depth=15, n_estimators=140; total time= 1.4min
[CV] END .learning_rate=0.05, max_depth=13, n_estimators=140; total time=  44.8s
[CV] END .learning_rate=0.05, max_depth=14, n_estimators=120; total time=  49.9s
[CV] END .learning_rate=0.05, max_depth=14, n_estimators=140; total time=  58.7s
[CV] END .learning_rate=0.06, max_depth=11, n_estimators=130; total time=  25.7s
[CV] END .learning_rate=0.06, max_depth=15, n_estimators=120; total time= 1.2min
[CV] END .learning_rate=0.06, max_depth=15, n_estimators=140; total time= 1.3min
[CV] END .learning_rate=0.06, max_depth=13, n_estimators=140; total time=  49.0s
[CV] END .learning_rate=0.06, max_depth=14, n_estimators=130; total time= 1.0min
[CV] END learning_rate=0.001, max_depth=11, n_estimators=120; total time=  28.3s
[CV] END learning_rate=0.001, max_depth=11, n_estimators=130; total time=  31.6s
[CV] END learning_rate=0.001, max_depth=15, n_estimators=120; total time=  52.8s
[CV] END learning_rate=0.001, max_depth=15, n_estimators=140; total time= 1.1min
[CV] END learning_rate=0.001, max_depth=13, n_estimators=120; total time=  37.6s
[CV] END learning_rate=0.001, max_depth=13, n_estimators=110; total time=  36.2s
[CV] END learning_rate=0.001, max_depth=14, n_estimators=130; total time=  49.3s
[CV] END learning_rate=0.002, max_depth=11, n_estimators=120; total time=  28.0s
[CV] END learning_rate=0.002, max_depth=11, n_estimators=120; total time=  26.9s
[CV] END learning_rate=0.002, max_depth=11, n_estimators=110; total time=  22.9s
[CV] END learning_rate=0.002, max_depth=15, n_estimators=130; total time= 1.0min
[CV] END learning_rate=0.002, max_depth=15, n_estimators=110; total time= 1.0min
[CV] END learning_rate=0.002, max_depth=13, n_estimators=110; total time=  35.3s
[CV] END learning_rate=0.002, max_depth=14, n_estimators=120; total time=  43.8s
[CV] END learning_rate=0.002, max_depth=14, n_estimators=140; total time=  54.4s
[CV] END .learning_rate=0.05, max_depth=11, n_estimators=130; total time=  34.2s
[CV] END .learning_rate=0.05, max_depth=15, n_estimators=120; total time= 1.4min
[CV] END .learning_rate=0.05, max_depth=15, n_estimators=140; total time= 1.5min
[CV] END .learning_rate=0.05, max_depth=13, n_estimators=140; total time=  48.7s
[CV] END .learning_rate=0.05, max_depth=14, n_estimators=120; total time=  52.9s
[CV] END .learning_rate=0.05, max_depth=14, n_estimators=140; total time=  57.5s
[CV] END .learning_rate=0.06, max_depth=11, n_estimators=140; total time=  26.1s
[CV] END .learning_rate=0.06, max_depth=15, n_estimators=120; total time= 1.2min
[CV] END .learning_rate=0.06, max_depth=15, n_estimators=110; total time= 1.0min
[CV] END .learning_rate=0.06, max_depth=13, n_estimators=130; total time=  45.2s
[CV] END .learning_rate=0.06, max_depth=14, n_estimators=120; total time=  49.5s
[CV] END .learning_rate=0.06, max_depth=14, n_estimators=140; total time=  51.0s
[CV] END learning_rate=0.001, max_depth=11, n_estimators=120; total time=  25.6s
[CV] END learning_rate=0.001, max_depth=11, n_estimators=140; total time=  31.4s
[CV] END learning_rate=0.001, max_depth=15, n_estimators=130; total time= 1.1min
[CV] END learning_rate=0.001, max_depth=15, n_estimators=110; total time=  50.2s
[CV] END learning_rate=0.001, max_depth=13, n_estimators=140; total time=  41.7s
[CV] END learning_rate=0.001, max_depth=14, n_estimators=120; total time=  49.1s
[CV] END learning_rate=0.001, max_depth=14, n_estimators=110; total time=  48.3s
[CV] END learning_rate=0.002, max_depth=11, n_estimators=130; total time=  29.4s
[CV] END learning_rate=0.002, max_depth=15, n_estimators=120; total time= 1.1min
[CV] END learning_rate=0.002, max_depth=15, n_estimators=140; total time= 1.1min
[CV] END learning_rate=0.002, max_depth=13, n_estimators=140; total time=  47.5s
[CV] END learning_rate=0.002, max_depth=14, n_estimators=130; total time=  53.4s
[CV] END learning_rate=0.002, max_depth=14, n_estimators=110; total time=  41.2s
[CV] END .learning_rate=0.05, max_depth=11, n_estimators=120; total time=  33.5s
[CV] END .learning_rate=0.05, max_depth=15, n_estimators=120; total time= 1.5min
[CV] END .learning_rate=0.05, max_depth=15, n_estimators=110; total time= 1.2min
[CV] END .learning_rate=0.05, max_depth=13, n_estimators=130; total time=  47.2s
[CV] END .learning_rate=0.05, max_depth=13, n_estimators=110; total time=  37.9s
[CV] END .learning_rate=0.05, max_depth=14, n_estimators=140; total time= 1.0min
[CV] END .learning_rate=0.06, max_depth=11, n_estimators=120; total time=  23.5s
[CV] END .learning_rate=0.06, max_depth=11, n_estimators=140; total time=  30.7s
[CV] END .learning_rate=0.06, max_depth=15, n_estimators=130; total time= 1.3min
[CV] END .learning_rate=0.06, max_depth=13, n_estimators=120; total time=  35.7s
[CV] END .learning_rate=0.06, max_depth=13, n_estimators=120; total time=  39.4s
[CV] END .learning_rate=0.06, max_depth=13, n_estimators=110; total time=  35.1s
[CV] END .learning_rate=0.06, max_depth=14, n_estimators=130; total time=  59.8s
[CV] END learning_rate=0.001, max_depth=11, n_estimators=120; total time=  29.8s
[CV] END learning_rate=0.001, max_depth=11, n_estimators=130; total time=  30.5s
[CV] END learning_rate=0.001, max_depth=15, n_estimators=120; total time=  53.7s
[CV] END learning_rate=0.001, max_depth=15, n_estimators=140; total time= 1.1min
[CV] END learning_rate=0.001, max_depth=13, n_estimators=130; total time=  40.2s
[CV] END learning_rate=0.001, max_depth=13, n_estimators=110; total time=  35.1s
[CV] END learning_rate=0.001, max_depth=14, n_estimators=130; total time=  52.9s
[CV] END learning_rate=0.002, max_depth=11, n_estimators=120; total time=  26.1s
[CV] END learning_rate=0.002, max_depth=11, n_estimators=130; total time=  30.7s
[CV] END learning_rate=0.002, max_depth=15, n_estimators=120; total time=  55.9s
[CV] END learning_rate=0.002, max_depth=15, n_estimators=140; total time= 1.2min
[CV] END learning_rate=0.002, max_depth=13, n_estimators=140; total time=  43.8s
[CV] END learning_rate=0.002, max_depth=14, n_estimators=130; total time=  57.1s
[CV] END learning_rate=0.002, max_depth=14, n_estimators=110; total time=  37.5s
[CV] END .learning_rate=0.05, max_depth=11, n_estimators=140; total time=  31.7s
[CV] END .learning_rate=0.05, max_depth=11, n_estimators=110; total time=  25.6s
[CV] END .learning_rate=0.05, max_depth=15, n_estimators=130; total time= 1.5min
[CV] END .learning_rate=0.05, max_depth=15, n_estimators=110; total time= 1.1min
[CV] END .learning_rate=0.05, max_depth=13, n_estimators=140; total time=  46.3s
[CV] END .learning_rate=0.05, max_depth=14, n_estimators=130; total time=  52.2s
[CV] END .learning_rate=0.05, max_depth=14, n_estimators=110; total time=  47.9s
[CV] END .learning_rate=0.06, max_depth=11, n_estimators=130; total time=  24.5s
[CV] END .learning_rate=0.06, max_depth=11, n_estimators=110; total time=  23.1s
[CV] END .learning_rate=0.06, max_depth=15, n_estimators=130; total time= 1.4min
[CV] END .learning_rate=0.06, max_depth=13, n_estimators=120; total time=  41.1s
[CV] END .learning_rate=0.06, max_depth=13, n_estimators=130; total time=  38.3s
[CV] END .learning_rate=0.06, max_depth=13, n_estimators=110; total time=  37.5s
[CV] END .learning_rate=0.06, max_depth=14, n_estimators=140; total time= 1.1min
[CV] END learning_rate=0.001, max_depth=11, n_estimators=120; total time=  30.2s
[CV] END learning_rate=0.001, max_depth=11, n_estimators=110; total time=  25.8s
[CV] END learning_rate=0.001, max_depth=15, n_estimators=130; total time=  58.9s
[CV] END learning_rate=0.001, max_depth=15, n_estimators=110; total time=  53.0s
[CV] END learning_rate=0.001, max_depth=13, n_estimators=130; total time=  45.9s
[CV] END learning_rate=0.001, max_depth=14, n_estimators=120; total time=  52.0s
[CV] END learning_rate=0.001, max_depth=14, n_estimators=110; total time=  45.1s
[CV] END learning_rate=0.002, max_depth=11, n_estimators=130; total time=  29.4s
[CV] END learning_rate=0.002, max_depth=11, n_estimators=110; total time=  21.5s
[CV] END learning_rate=0.002, max_depth=15, n_estimators=130; total time= 1.1min
[CV] END learning_rate=0.002, max_depth=13, n_estimators=120; total time=  41.5s
[CV] END learning_rate=0.002, max_depth=13, n_estimators=140; total time=  45.8s
[CV] END learning_rate=0.002, max_depth=14, n_estimators=120; total time=  43.7s
[CV] END learning_rate=0.002, max_depth=14, n_estimators=140; total time=  52.9s
[CV] END .learning_rate=0.05, max_depth=11, n_estimators=130; total time=  30.6s
[CV] END .learning_rate=0.05, max_depth=11, n_estimators=140; total time=  34.2s
[CV] END .learning_rate=0.05, max_depth=15, n_estimators=140; total time= 1.7min
[CV] END .learning_rate=0.05, max_depth=13, n_estimators=120; total time=  40.3s
[CV] END .learning_rate=0.05, max_depth=13, n_estimators=130; total time=  46.5s
[CV] END .learning_rate=0.05, max_depth=14, n_estimators=120; total time= 1.0min
[CV] END .learning_rate=0.05, max_depth=14, n_estimators=110; total time=  53.0s
[CV] END .learning_rate=0.06, max_depth=11, n_estimators=140; total time=  29.4s
[CV] END .learning_rate=0.06, max_depth=15, n_estimators=120; total time= 1.1min
[CV] END .learning_rate=0.06, max_depth=15, n_estimators=140; total time= 1.3min
[CV] END .learning_rate=0.06, max_depth=13, n_estimators=140; total time=  44.0s
[CV] END .learning_rate=0.06, max_depth=14, n_estimators=120; total time=  46.6s
[CV] END .learning_rate=0.06, max_depth=14, n_estimators=140; total time= 1.0min
[CV] END learning_rate=0.001, max_depth=11, n_estimators=140; total time=  32.1s
[CV] END learning_rate=0.001, max_depth=15, n_estimators=120; total time=  52.3s
[CV] END learning_rate=0.001, max_depth=15, n_estimators=140; total time= 1.1min
[CV] END learning_rate=0.001, max_depth=13, n_estimators=140; total time=  49.2s
[CV] END learning_rate=0.001, max_depth=14, n_estimators=130; total time=  55.1s
[CV] END learning_rate=0.001, max_depth=14, n_estimators=110; total time=  43.0s
[CV] END learning_rate=0.002, max_depth=11, n_estimators=140; total time=  32.2s
[CV] END learning_rate=0.002, max_depth=15, n_estimators=120; total time=  56.9s
[CV] END learning_rate=0.002, max_depth=15, n_estimators=140; total time= 1.1min
[CV] END learning_rate=0.002, max_depth=13, n_estimators=140; total time=  44.2s
[CV] END learning_rate=0.002, max_depth=14, n_estimators=120; total time=  48.7s
[CV] END learning_rate=0.002, max_depth=14, n_estimators=140; total time=  49.9s
